# JRE version: Java(TM) SE Runtime Environment (8.0_92-b14) (build 1.8.0_92-b14)
# Java VM: Java HotSpot(TM) 64-Bit Server VM (25.92-b14 mixed mode bsd-amd64 compressed oops)
Heap:
 PSYoungGen      total 27648K, used 9034K [0x0000000795580000, 0x0000000798b00000, 0x00000007c0000000)
  eden space 27136K, 32% used [0x0000000795580000,0x0000000795e3aa08,0x0000000797000000)
  from space 512K, 18% used [0x0000000797080000,0x0000000797098000,0x0000000797100000)
  to   space 13824K, 0% used [0x0000000797d80000,0x0000000797d80000,0x0000000798b00000)
 ParOldGen       total 87552K, used 23668K [0x0000000740000000, 0x0000000745580000, 0x0000000795580000)
  object space 87552K, 27% used [0x0000000740000000,0x000000074171d2a0,0x0000000745580000)
 Metaspace       used 19052K, capacity 19211K, committed 19328K, reserved 1067008K
  class space    used 1865K, capacity 1918K, committed 1920K, reserved 1048576K
GC Heap History (10 events):
Event: 44.623 GC heap before
{Heap before GC invocations=11 (full 0):
 PSYoungGen      total 44544K, used 29824K [0x0000000795580000, 0x0000000799080000, 0x00000007c0000000)
  eden space 29696K, 100% used [0x0000000795580000,0x0000000797280000,0x0000000797280000)
  from space 14848K, 0% used [0x0000000798200000,0x0000000798220000,0x0000000799080000)
  to   space 15360K, 0% used [0x0000000797280000,0x0000000797280000,0x0000000798180000)
 ParOldGen       total 87552K, used 23604K [0x0000000740000000, 0x0000000745580000, 0x0000000795580000)
  object space 87552K, 26% used [0x0000000740000000,0x000000074170d2a0,0x0000000745580000)
 Metaspace       used 19002K, capacity 19207K, committed 19328K, reserved 1067008K
  class space    used 1858K, capacity 1918K, committed 1920K, reserved 1048576K
Event: 44.624 GC heap after
Heap after GC invocations=11 (full 0):
 PSYoungGen      total 29696K, used 96K [0x0000000795580000, 0x0000000799000000, 0x00000007c0000000)
  eden space 29184K, 0% used [0x0000000795580000,0x0000000795580000,0x0000000797200000)
  from space 512K, 18% used [0x0000000797280000,0x0000000797298000,0x0000000797300000)
  to   space 15360K, 0% used [0x0000000798100000,0x0000000798100000,0x0000000799000000)
 ParOldGen       total 87552K, used 23628K [0x0000000740000000, 0x0000000745580000, 0x0000000795580000)
  object space 87552K, 26% used [0x0000000740000000,0x00000007417132a0,0x0000000745580000)
 Metaspace       used 19002K, capacity 19207K, committed 19328K, reserved 1067008K
  class space    used 1858K, capacity 1918K, committed 1920K, reserved 1048576K
}
Event: 49.756 GC heap before
{Heap before GC invocations=12 (full 0):
 PSYoungGen      total 29696K, used 29280K [0x0000000795580000, 0x0000000799000000, 0x00000007c0000000)
  eden space 29184K, 100% used [0x0000000795580000,0x0000000797200000,0x0000000797200000)
  from space 512K, 18% used [0x0000000797280000,0x0000000797298000,0x0000000797300000)
  to   space 15360K, 0% used [0x0000000798100000,0x0000000798100000,0x0000000799000000)
 ParOldGen       total 87552K, used 23628K [0x0000000740000000, 0x0000000745580000, 0x0000000795580000)
  object space 87552K, 26% used [0x0000000740000000,0x00000007417132a0,0x0000000745580000)
 Metaspace       used 19002K, capacity 19207K, committed 19328K, reserved 1067008K
  class space    used 1858K, capacity 1918K, committed 1920K, reserved 1048576K
Event: 49.757 GC heap after
Heap after GC invocations=12 (full 0):
 PSYoungGen      total 43520K, used 96K [0x0000000795580000, 0x0000000798f80000, 0x00000007c0000000)
  eden space 28672K, 0% used [0x0000000795580000,0x0000000795580000,0x0000000797180000)
  from space 14848K, 0% used [0x0000000798100000,0x0000000798118000,0x0000000798f80000)
  to   space 15360K, 0% used [0x0000000797180000,0x0000000797180000,0x0000000798080000)
 ParOldGen       total 87552K, used 23652K [0x0000000740000000, 0x0000000745580000, 0x0000000795580000)
  object space 87552K, 27% used [0x0000000740000000,0x00000007417192a0,0x0000000745580000)
 Metaspace       used 19002K, capacity 19207K, committed 19328K, reserved 1067008K
  class space    used 1858K, capacity 1918K, committed 1920K, reserved 1048576K
}
Event: 54.755 GC heap before
{Heap before GC invocations=13 (full 0):
 PSYoungGen      total 43520K, used 28768K [0x0000000795580000, 0x0000000798f80000, 0x00000007c0000000)
  eden space 28672K, 100% used [0x0000000795580000,0x0000000797180000,0x0000000797180000)
  from space 14848K, 0% used [0x0000000798100000,0x0000000798118000,0x0000000798f80000)
  to   space 15360K, 0% used [0x0000000797180000,0x0000000797180000,0x0000000798080000)
 ParOldGen       total 87552K, used 23652K [0x0000000740000000, 0x0000000745580000, 0x0000000795580000)
  object space 87552K, 27% used [0x0000000740000000,0x00000007417192a0,0x0000000745580000)
 Metaspace       used 19002K, capacity 19207K, committed 19328K, reserved 1067008K
  class space    used 1858K, capacity 1918K, committed 1920K, reserved 1048576K
Event: 54.756 GC heap after
Heap after GC invocations=13 (full 0):
 PSYoungGen      total 28672K, used 96K [0x0000000795580000, 0x0000000798e00000, 0x00000007c0000000)
  eden space 28160K, 0% used [0x0000000795580000,0x0000000795580000,0x0000000797100000)
  from space 512K, 18% used [0x0000000797180000,0x0000000797198000,0x0000000797200000)
  to   space 14848K, 0% used [0x0000000797f80000,0x0000000797f80000,0x0000000798e00000)
 ParOldGen       total 87552K, used 23668K [0x0000000740000000, 0x0000000745580000, 0x0000000795580000)
  object space 87552K, 27% used [0x0000000740000000,0x000000074171d2a0,0x0000000745580000)
 Metaspace       used 19002K, capacity 19207K, committed 19328K, reserved 1067008K
  class space    used 1858K, capacity 1918K, committed 1920K, reserved 1048576K
}
Event: 59.674 GC heap before
{Heap before GC invocations=14 (full 0):
 PSYoungGen      total 28672K, used 28256K [0x0000000795580000, 0x0000000798e00000, 0x00000007c0000000)
  eden space 28160K, 100% used [0x0000000795580000,0x0000000797100000,0x0000000797100000)
  from space 512K, 18% used [0x0000000797180000,0x0000000797198000,0x0000000797200000)
  to   space 14848K, 0% used [0x0000000797f80000,0x0000000797f80000,0x0000000798e00000)
 ParOldGen       total 87552K, used 23668K [0x0000000740000000, 0x0000000745580000, 0x0000000795580000)
  object space 87552K, 27% used [0x0000000740000000,0x000000074171d2a0,0x0000000745580000)
 Metaspace       used 19002K, capacity 19207K, committed 19328K, reserved 1067008K
  class space    used 1858K, capacity 1918K, committed 1920K, reserved 1048576K
Event: 59.675 GC heap after
Heap after GC invocations=14 (full 0):
 PSYoungGen      total 40960K, used 64K [0x0000000795580000, 0x0000000798c80000, 0x00000007c0000000)
  eden space 27648K, 0% used [0x0000000795580000,0x0000000795580000,0x0000000797080000)
  from space 13312K, 0% used [0x0000000797f80000,0x0000000797f90000,0x0000000798c80000)
  to   space 14336K, 0% used [0x0000000797080000,0x0000000797080000,0x0000000797e80000)
 ParOldGen       total 87552K, used 23668K [0x0000000740000000, 0x0000000745580000, 0x0000000795580000)
  object space 87552K, 27% used [0x0000000740000000,0x000000074171d2a0,0x0000000745580000)
 Metaspace       used 19002K, capacity 19207K, committed 19328K, reserved 1067008K
  class space    used 1858K, capacity 1918K, committed 1920K, reserved 1048576K
}
Event: 64.557 GC heap before
{Heap before GC invocations=15 (full 0):
 PSYoungGen      total 40960K, used 27712K [0x0000000795580000, 0x0000000798c80000, 0x00000007c0000000)
  eden space 27648K, 100% used [0x0000000795580000,0x0000000797080000,0x0000000797080000)
  from space 13312K, 0% used [0x0000000797f80000,0x0000000797f90000,0x0000000798c80000)
  to   space 14336K, 0% used [0x0000000797080000,0x0000000797080000,0x0000000797e80000)
 ParOldGen       total 87552K, used 23668K [0x0000000740000000, 0x0000000745580000, 0x0000000795580000)
  object space 87552K, 27% used [0x0000000740000000,0x000000074171d2a0,0x0000000745580000)
 Metaspace       used 19002K, capacity 19207K, committed 19328K, reserved 1067008K
  class space    used 1858K, capacity 1918K, committed 1920K, reserved 1048576K
Event: 64.557 GC heap after
Heap after GC invocations=15 (full 0):
 PSYoungGen      total 27648K, used 96K [0x0000000795580000, 0x0000000798b00000, 0x00000007c0000000)
  eden space 27136K, 0% used [0x0000000795580000,0x0000000795580000,0x0000000797000000)
  from space 512K, 18% used [0x0000000797080000,0x0000000797098000,0x0000000797100000)
  to   space 13824K, 0% used [0x0000000797d80000,0x0000000797d80000,0x0000000798b00000)
 ParOldGen       total 87552K, used 23668K [0x0000000740000000, 0x0000000745580000, 0x0000000795580000)
  object space 87552K, 27% used [0x0000000740000000,0x000000074171d2a0,0x0000000745580000)
 Metaspace       used 19002K, capacity 19207K, committed 19328K, reserved 1067008K
  class space    used 1858K, capacity 1918K, committed 1920K, reserved 1048576K
}

