# JRE version: Java(TM) SE Runtime Environment (8.0_101-b13) (build 1.8.0_101-b13)
# Java VM: Java HotSpot(TM) 64-Bit Server VM (25.101-b13 mixed mode bsd-amd64 compressed oops)
Heap:
 PSYoungGen      total 41984K, used 21145K [0x0000000795580000, 0x0000000798d00000, 0x00000007c0000000)
  eden space 29184K, 71% used [0x0000000795580000,0x00000007969ee558,0x0000000797200000)
  from space 12800K, 1% used [0x0000000798080000,0x00000007980b8010,0x0000000798d00000)
  to   space 13824K, 0% used [0x0000000797200000,0x0000000797200000,0x0000000797f80000)
 ParOldGen       total 57856K, used 16169K [0x0000000740000000, 0x0000000743880000, 0x0000000795580000)
  object space 57856K, 27% used [0x0000000740000000,0x0000000740fca698,0x0000000743880000)
 Metaspace       used 21245K, capacity 21399K, committed 21552K, reserved 1069056K
  class space    used 2051K, capacity 2112K, committed 2176K, reserved 1048576K
GC Heap History (10 events):
Event: 19.393 GC heap before
{Heap before GC invocations=9 (full 1):
 PSYoungGen      total 46592K, used 31840K [0x0000000795580000, 0x0000000799280000, 0x00000007c0000000)
  eden space 31744K, 100% used [0x0000000795580000,0x0000000797480000,0x0000000797480000)
  from space 14848K, 0% used [0x0000000797500000,0x0000000797518000,0x0000000798380000)
  to   space 15360K, 0% used [0x0000000798380000,0x0000000798380000,0x0000000799280000)
 ParOldGen       total 57856K, used 16145K [0x0000000740000000, 0x0000000743880000, 0x0000000795580000)
  object space 57856K, 27% used [0x0000000740000000,0x0000000740fc4698,0x0000000743880000)
 Metaspace       used 21123K, capacity 21335K, committed 21552K, reserved 1069056K
  class space    used 2043K, capacity 2112K, committed 2176K, reserved 1048576K
Event: 19.394 GC heap after
Heap after GC invocations=9 (full 1):
 PSYoungGen      total 46080K, used 128K [0x0000000795580000, 0x0000000799200000, 0x00000007c0000000)
  eden space 31232K, 0% used [0x0000000795580000,0x0000000795580000,0x0000000797400000)
  from space 14848K, 0% used [0x0000000798380000,0x00000007983a0000,0x0000000799200000)
  to   space 15360K, 0% used [0x0000000797400000,0x0000000797400000,0x0000000798300000)
 ParOldGen       total 57856K, used 16153K [0x0000000740000000, 0x0000000743880000, 0x0000000795580000)
  object space 57856K, 27% used [0x0000000740000000,0x0000000740fc6698,0x0000000743880000)
 Metaspace       used 21123K, capacity 21335K, committed 21552K, reserved 1069056K
  class space    used 2043K, capacity 2112K, committed 2176K, reserved 1048576K
}
Event: 21.994 GC heap before
{Heap before GC invocations=10 (full 1):
 PSYoungGen      total 46080K, used 31360K [0x0000000795580000, 0x0000000799200000, 0x00000007c0000000)
  eden space 31232K, 100% used [0x0000000795580000,0x0000000797400000,0x0000000797400000)
  from space 14848K, 0% used [0x0000000798380000,0x00000007983a0000,0x0000000799200000)
  to   space 15360K, 0% used [0x0000000797400000,0x0000000797400000,0x0000000798300000)
 ParOldGen       total 57856K, used 16153K [0x0000000740000000, 0x0000000743880000, 0x0000000795580000)
  object space 57856K, 27% used [0x0000000740000000,0x0000000740fc6698,0x0000000743880000)
 Metaspace       used 21163K, capacity 21399K, committed 21552K, reserved 1069056K
  class space    used 2043K, capacity 2112K, committed 2176K, reserved 1048576K
Event: 21.995 GC heap after
Heap after GC invocations=10 (full 1):
 PSYoungGen      total 31232K, used 160K [0x0000000795580000, 0x0000000799080000, 0x00000007c0000000)
  eden space 30720K, 0% used [0x0000000795580000,0x0000000795580000,0x0000000797380000)
  from space 512K, 31% used [0x0000000797400000,0x0000000797428000,0x0000000797480000)
  to   space 14848K, 0% used [0x0000000798200000,0x0000000798200000,0x0000000799080000)
 ParOldGen       total 57856K, used 16161K [0x0000000740000000, 0x0000000743880000, 0x0000000795580000)
  object space 57856K, 27% used [0x0000000740000000,0x0000000740fc8698,0x0000000743880000)
 Metaspace       used 21163K, capacity 21399K, committed 21552K, reserved 1069056K
  class space    used 2043K, capacity 2112K, committed 2176K, reserved 1048576K
}
Event: 24.335 GC heap before
{Heap before GC invocations=11 (full 1):
 PSYoungGen      total 31232K, used 30880K [0x0000000795580000, 0x0000000799080000, 0x00000007c0000000)
  eden space 30720K, 100% used [0x0000000795580000,0x0000000797380000,0x0000000797380000)
  from space 512K, 31% used [0x0000000797400000,0x0000000797428000,0x0000000797480000)
  to   space 14848K, 0% used [0x0000000798200000,0x0000000798200000,0x0000000799080000)
 ParOldGen       total 57856K, used 16161K [0x0000000740000000, 0x0000000743880000, 0x0000000795580000)
  object space 57856K, 27% used [0x0000000740000000,0x0000000740fc8698,0x0000000743880000)
 Metaspace       used 21203K, capacity 21399K, committed 21552K, reserved 1069056K
  class space    used 2043K, capacity 2112K, committed 2176K, reserved 1048576K
Event: 24.337 GC heap after
Heap after GC invocations=11 (full 1):
 PSYoungGen      total 44544K, used 192K [0x0000000795580000, 0x0000000799000000, 0x00000007c0000000)
  eden space 30208K, 0% used [0x0000000795580000,0x0000000795580000,0x0000000797300000)
  from space 14336K, 1% used [0x0000000798200000,0x0000000798230000,0x0000000799000000)
  to   space 14848K, 0% used [0x0000000797300000,0x0000000797300000,0x0000000798180000)
 ParOldGen       total 57856K, used 16169K [0x0000000740000000, 0x0000000743880000, 0x0000000795580000)
  object space 57856K, 27% used [0x0000000740000000,0x0000000740fca698,0x0000000743880000)
 Metaspace       used 21203K, capacity 21399K, committed 21552K, reserved 1069056K
  class space    used 2043K, capacity 2112K, committed 2176K, reserved 1048576K
}
Event: 26.810 GC heap before
{Heap before GC invocations=12 (full 1):
 PSYoungGen      total 44544K, used 30400K [0x0000000795580000, 0x0000000799000000, 0x00000007c0000000)
  eden space 30208K, 100% used [0x0000000795580000,0x0000000797300000,0x0000000797300000)
  from space 14336K, 1% used [0x0000000798200000,0x0000000798230000,0x0000000799000000)
  to   space 14848K, 0% used [0x0000000797300000,0x0000000797300000,0x0000000798180000)
 ParOldGen       total 57856K, used 16169K [0x0000000740000000, 0x0000000743880000, 0x0000000795580000)
  object space 57856K, 27% used [0x0000000740000000,0x0000000740fca698,0x0000000743880000)
 Metaspace       used 21208K, capacity 21399K, committed 21552K, reserved 1069056K
  class space    used 2043K, capacity 2112K, committed 2176K, reserved 1048576K
Event: 26.811 GC heap after
Heap after GC invocations=12 (full 1):
 PSYoungGen      total 30208K, used 192K [0x0000000795580000, 0x0000000798e80000, 0x00000007c0000000)
  eden space 29696K, 0% used [0x0000000795580000,0x0000000795580000,0x0000000797280000)
  from space 512K, 37% used [0x0000000797300000,0x0000000797330000,0x0000000797380000)
  to   space 14336K, 0% used [0x0000000798080000,0x0000000798080000,0x0000000798e80000)
 ParOldGen       total 57856K, used 16169K [0x0000000740000000, 0x0000000743880000, 0x0000000795580000)
  object space 57856K, 27% used [0x0000000740000000,0x0000000740fca698,0x0000000743880000)
 Metaspace       used 21208K, capacity 21399K, committed 21552K, reserved 1069056K
  class space    used 2043K, capacity 2112K, committed 2176K, reserved 1048576K
}
Event: 29.146 GC heap before
{Heap before GC invocations=13 (full 1):
 PSYoungGen      total 30208K, used 29888K [0x0000000795580000, 0x0000000798e80000, 0x00000007c0000000)
  eden space 29696K, 100% used [0x0000000795580000,0x0000000797280000,0x0000000797280000)
  from space 512K, 37% used [0x0000000797300000,0x0000000797330000,0x0000000797380000)
  to   space 14336K, 0% used [0x0000000798080000,0x0000000798080000,0x0000000798e80000)
 ParOldGen       total 57856K, used 16169K [0x0000000740000000, 0x0000000743880000, 0x0000000795580000)
  object space 57856K, 27% used [0x0000000740000000,0x0000000740fca698,0x0000000743880000)
 Metaspace       used 21209K, capacity 21399K, committed 21552K, reserved 1069056K
  class space    used 2043K, capacity 2112K, committed 2176K, reserved 1048576K
Event: 29.147 GC heap after
Heap after GC invocations=13 (full 1):
 PSYoungGen      total 41984K, used 224K [0x0000000795580000, 0x0000000798d00000, 0x00000007c0000000)
  eden space 29184K, 0% used [0x0000000795580000,0x0000000795580000,0x0000000797200000)
  from space 12800K, 1% used [0x0000000798080000,0x00000007980b8010,0x0000000798d00000)
  to   space 13824K, 0% used [0x0000000797200000,0x0000000797200000,0x0000000797f80000)
 ParOldGen       total 57856K, used 16169K [0x0000000740000000, 0x0000000743880000, 0x0000000795580000)
  object space 57856K, 27% used [0x0000000740000000,0x0000000740fca698,0x0000000743880000)
 Metaspace       used 21209K, capacity 21399K, committed 21552K, reserved 1069056K
  class space    used 2043K, capacity 2112K, committed 2176K, reserved 1048576K
}

