# JRE version: Java(TM) SE Runtime Environment (8.0_101-b13) (build 1.8.0_101-b13)
# Java VM: Java HotSpot(TM) 64-Bit Server VM (25.101-b13 mixed mode bsd-amd64 compressed oops)
Heap:
 PSYoungGen      total 71168K, used 36865K [0x0000000795580000, 0x000000079a780000, 0x00000007c0000000)
  eden space 62464K, 58% used [0x0000000795580000,0x0000000797960748,0x0000000799280000)
  from space 8704K, 1% used [0x0000000799f00000,0x0000000799f20000,0x000000079a780000)
  to   space 10752K, 0% used [0x0000000799280000,0x0000000799280000,0x0000000799d00000)
 ParOldGen       total 63488K, used 16201K [0x0000000740000000, 0x0000000743e00000, 0x0000000795580000)
  object space 63488K, 25% used [0x0000000740000000,0x0000000740fd2748,0x0000000743e00000)
 Metaspace       used 21196K, capacity 21399K, committed 21552K, reserved 1069056K
  class space    used 2053K, capacity 2112K, committed 2176K, reserved 1048576K
GC Heap History (10 events):
Event: 60.532 GC heap before
{Heap before GC invocations=15 (full 1):
 PSYoungGen      total 72192K, used 71808K [0x0000000795580000, 0x000000079b580000, 0x00000007c0000000)
  eden space 71680K, 100% used [0x0000000795580000,0x0000000799b80000,0x0000000799b80000)
  from space 512K, 25% used [0x0000000799d80000,0x0000000799da0000,0x0000000799e00000)
  to   space 13312K, 0% used [0x000000079a880000,0x000000079a880000,0x000000079b580000)
 ParOldGen       total 63488K, used 16201K [0x0000000740000000, 0x0000000743e00000, 0x0000000795580000)
  object space 63488K, 25% used [0x0000000740000000,0x0000000740fd2748,0x0000000743e00000)
 Metaspace       used 21159K, capacity 21399K, committed 21552K, reserved 1069056K
  class space    used 2045K, capacity 2112K, committed 2176K, reserved 1048576K
Event: 60.533 GC heap after
Heap after GC invocations=15 (full 1):
 PSYoungGen      total 79872K, used 128K [0x0000000795580000, 0x000000079b280000, 0x00000007c0000000)
  eden space 69632K, 0% used [0x0000000795580000,0x0000000795580000,0x0000000799980000)
  from space 10240K, 1% used [0x000000079a880000,0x000000079a8a0000,0x000000079b280000)
  to   space 12800K, 0% used [0x0000000799980000,0x0000000799980000,0x000000079a600000)
 ParOldGen       total 63488K, used 16201K [0x0000000740000000, 0x0000000743e00000, 0x0000000795580000)
  object space 63488K, 25% used [0x0000000740000000,0x0000000740fd2748,0x0000000743e00000)
 Metaspace       used 21159K, capacity 21399K, committed 21552K, reserved 1069056K
  class space    used 2045K, capacity 2112K, committed 2176K, reserved 1048576K
}
Event: 67.166 GC heap before
{Heap before GC invocations=16 (full 1):
 PSYoungGen      total 79872K, used 69760K [0x0000000795580000, 0x000000079b280000, 0x00000007c0000000)
  eden space 69632K, 100% used [0x0000000795580000,0x0000000799980000,0x0000000799980000)
  from space 10240K, 1% used [0x000000079a880000,0x000000079a8a0000,0x000000079b280000)
  to   space 12800K, 0% used [0x0000000799980000,0x0000000799980000,0x000000079a600000)
 ParOldGen       total 63488K, used 16201K [0x0000000740000000, 0x0000000743e00000, 0x0000000795580000)
  object space 63488K, 25% used [0x0000000740000000,0x0000000740fd2748,0x0000000743e00000)
 Metaspace       used 21159K, capacity 21399K, committed 21552K, reserved 1069056K
  class space    used 2045K, capacity 2112K, committed 2176K, reserved 1048576K
Event: 67.167 GC heap after
Heap after GC invocations=16 (full 1):
 PSYoungGen      total 68096K, used 96K [0x0000000795580000, 0x000000079af80000, 0x00000007c0000000)
  eden space 67584K, 0% used [0x0000000795580000,0x0000000795580000,0x0000000799780000)
  from space 512K, 18% used [0x0000000799980000,0x0000000799998000,0x0000000799a00000)
  to   space 12288K, 0% used [0x000000079a380000,0x000000079a380000,0x000000079af80000)
 ParOldGen       total 63488K, used 16201K [0x0000000740000000, 0x0000000743e00000, 0x0000000795580000)
  object space 63488K, 25% used [0x0000000740000000,0x0000000740fd2748,0x0000000743e00000)
 Metaspace       used 21159K, capacity 21399K, committed 21552K, reserved 1069056K
  class space    used 2045K, capacity 2112K, committed 2176K, reserved 1048576K
}
Event: 74.098 GC heap before
{Heap before GC invocations=17 (full 1):
 PSYoungGen      total 68096K, used 67680K [0x0000000795580000, 0x000000079af80000, 0x00000007c0000000)
  eden space 67584K, 100% used [0x0000000795580000,0x0000000799780000,0x0000000799780000)
  from space 512K, 18% used [0x0000000799980000,0x0000000799998000,0x0000000799a00000)
  to   space 12288K, 0% used [0x000000079a380000,0x000000079a380000,0x000000079af80000)
 ParOldGen       total 63488K, used 16201K [0x0000000740000000, 0x0000000743e00000, 0x0000000795580000)
  object space 63488K, 25% used [0x0000000740000000,0x0000000740fd2748,0x0000000743e00000)
 Metaspace       used 21159K, capacity 21399K, committed 21552K, reserved 1069056K
  class space    used 2045K, capacity 2112K, committed 2176K, reserved 1048576K
Event: 74.100 GC heap after
Heap after GC invocations=17 (full 1):
 PSYoungGen      total 74752K, used 96K [0x0000000795580000, 0x000000079ac80000, 0x00000007c0000000)
  eden space 65536K, 0% used [0x0000000795580000,0x0000000795580000,0x0000000799580000)
  from space 9216K, 1% used [0x000000079a380000,0x000000079a398000,0x000000079ac80000)
  to   space 11776K, 0% used [0x0000000799580000,0x0000000799580000,0x000000079a100000)
 ParOldGen       total 63488K, used 16201K [0x0000000740000000, 0x0000000743e00000, 0x0000000795580000)
  object space 63488K, 25% used [0x0000000740000000,0x0000000740fd2748,0x0000000743e00000)
 Metaspace       used 21159K, capacity 21399K, committed 21552K, reserved 1069056K
  class space    used 2045K, capacity 2112K, committed 2176K, reserved 1048576K
}
Event: 80.615 GC heap before
{Heap before GC invocations=18 (full 1):
 PSYoungGen      total 74752K, used 65632K [0x0000000795580000, 0x000000079ac80000, 0x00000007c0000000)
  eden space 65536K, 100% used [0x0000000795580000,0x0000000799580000,0x0000000799580000)
  from space 9216K, 1% used [0x000000079a380000,0x000000079a398000,0x000000079ac80000)
  to   space 11776K, 0% used [0x0000000799580000,0x0000000799580000,0x000000079a100000)
 ParOldGen       total 63488K, used 16201K [0x0000000740000000, 0x0000000743e00000, 0x0000000795580000)
  object space 63488K, 25% used [0x0000000740000000,0x0000000740fd2748,0x0000000743e00000)
 Metaspace       used 21159K, capacity 21399K, committed 21552K, reserved 1069056K
  class space    used 2045K, capacity 2112K, committed 2176K, reserved 1048576K
Event: 80.617 GC heap after
Heap after GC invocations=18 (full 1):
 PSYoungGen      total 64512K, used 96K [0x0000000795580000, 0x000000079aa00000, 0x00000007c0000000)
  eden space 64000K, 0% used [0x0000000795580000,0x0000000795580000,0x0000000799400000)
  from space 512K, 18% used [0x0000000799580000,0x0000000799598000,0x0000000799600000)
  to   space 11264K, 0% used [0x0000000799f00000,0x0000000799f00000,0x000000079aa00000)
 ParOldGen       total 63488K, used 16201K [0x0000000740000000, 0x0000000743e00000, 0x0000000795580000)
  object space 63488K, 25% used [0x0000000740000000,0x0000000740fd2748,0x0000000743e00000)
 Metaspace       used 21159K, capacity 21399K, committed 21552K, reserved 1069056K
  class space    used 2045K, capacity 2112K, committed 2176K, reserved 1048576K
}
Event: 87.032 GC heap before
{Heap before GC invocations=19 (full 1):
 PSYoungGen      total 64512K, used 64096K [0x0000000795580000, 0x000000079aa00000, 0x00000007c0000000)
  eden space 64000K, 100% used [0x0000000795580000,0x0000000799400000,0x0000000799400000)
  from space 512K, 18% used [0x0000000799580000,0x0000000799598000,0x0000000799600000)
  to   space 11264K, 0% used [0x0000000799f00000,0x0000000799f00000,0x000000079aa00000)
 ParOldGen       total 63488K, used 16201K [0x0000000740000000, 0x0000000743e00000, 0x0000000795580000)
  object space 63488K, 25% used [0x0000000740000000,0x0000000740fd2748,0x0000000743e00000)
 Metaspace       used 21159K, capacity 21399K, committed 21552K, reserved 1069056K
  class space    used 2045K, capacity 2112K, committed 2176K, reserved 1048576K
Event: 87.034 GC heap after
Heap after GC invocations=19 (full 1):
 PSYoungGen      total 71168K, used 128K [0x0000000795580000, 0x000000079a780000, 0x00000007c0000000)
  eden space 62464K, 0% used [0x0000000795580000,0x0000000795580000,0x0000000799280000)
  from space 8704K, 1% used [0x0000000799f00000,0x0000000799f20000,0x000000079a780000)
  to   space 10752K, 0% used [0x0000000799280000,0x0000000799280000,0x0000000799d00000)
 ParOldGen       total 63488K, used 16201K [0x0000000740000000, 0x0000000743e00000, 0x0000000795580000)
  object space 63488K, 25% used [0x0000000740000000,0x0000000740fd2748,0x0000000743e00000)
 Metaspace       used 21159K, capacity 21399K, committed 21552K, reserved 1069056K
  class space    used 2045K, capacity 2112K, committed 2176K, reserved 1048576K
}

