# JRE version: Java(TM) SE Runtime Environment (8.0_101-b13) (build 1.8.0_101-b13)
# Java VM: Java HotSpot(TM) 64-Bit Server VM (25.101-b13 mixed mode bsd-amd64 compressed oops)
Heap:
 PSYoungGen      total 68608K, used 39108K [0x0000000795580000, 0x000000079ae00000, 0x00000007c0000000)
  eden space 60928K, 57% used [0x0000000795580000,0x00000007977cd2c0,0x0000000799100000)
  from space 7680K, 51% used [0x000000079a680000,0x000000079aa64110,0x000000079ae00000)
  to   space 14848K, 0% used [0x0000000799100000,0x0000000799100000,0x0000000799f80000)
 ParOldGen       total 72192K, used 31801K [0x0000000740000000, 0x0000000744680000, 0x0000000795580000)
  object space 72192K, 44% used [0x0000000740000000,0x0000000741f0e728,0x0000000744680000)
 Metaspace       used 21369K, capacity 21535K, committed 21808K, reserved 1069056K
  class space    used 2051K, capacity 2112K, committed 2176K, reserved 1048576K
GC Heap History (10 events):
Event: 20.005 GC heap before
{Heap before GC invocations=11 (full 1):
 PSYoungGen      total 64512K, used 64464K [0x0000000795580000, 0x000000079b580000, 0x00000007c0000000)
  eden space 50688K, 100% used [0x0000000795580000,0x0000000798700000,0x0000000798700000)
  from space 13824K, 99% used [0x0000000798700000,0x0000000799474380,0x0000000799480000)
  to   space 15360K, 0% used [0x000000079a680000,0x000000079a680000,0x000000079b580000)
 ParOldGen       total 72192K, used 19200K [0x0000000740000000, 0x0000000744680000, 0x0000000795580000)
  object space 72192K, 26% used [0x0000000740000000,0x00000007412c0328,0x0000000744680000)
 Metaspace       used 21233K, capacity 21407K, committed 21808K, reserved 1069056K
  class space    used 2043K, capacity 2112K, committed 2176K, reserved 1048576K
Event: 20.010 GC heap after
Heap after GC invocations=11 (full 1):
 PSYoungGen      total 77824K, used 6816K [0x0000000795580000, 0x000000079b280000, 0x00000007c0000000)
  eden space 65536K, 0% used [0x0000000795580000,0x0000000795580000,0x0000000799580000)
  from space 12288K, 55% used [0x000000079a680000,0x000000079ad281a0,0x000000079b280000)
  to   space 14848K, 0% used [0x0000000799580000,0x0000000799580000,0x000000079a400000)
 ParOldGen       total 72192K, used 27649K [0x0000000740000000, 0x0000000744680000, 0x0000000795580000)
  object space 72192K, 38% used [0x0000000740000000,0x0000000741b00628,0x0000000744680000)
 Metaspace       used 21233K, capacity 21407K, committed 21808K, reserved 1069056K
  class space    used 2043K, capacity 2112K, committed 2176K, reserved 1048576K
}
Event: 26.422 GC heap before
{Heap before GC invocations=12 (full 1):
 PSYoungGen      total 77824K, used 72352K [0x0000000795580000, 0x000000079b280000, 0x00000007c0000000)
  eden space 65536K, 100% used [0x0000000795580000,0x0000000799580000,0x0000000799580000)
  from space 12288K, 55% used [0x000000079a680000,0x000000079ad281a0,0x000000079b280000)
  to   space 14848K, 0% used [0x0000000799580000,0x0000000799580000,0x000000079a400000)
 ParOldGen       total 72192K, used 27649K [0x0000000740000000, 0x0000000744680000, 0x0000000795580000)
  object space 72192K, 38% used [0x0000000740000000,0x0000000741b00628,0x0000000744680000)
 Metaspace       used 21274K, capacity 21471K, committed 21808K, reserved 1069056K
  class space    used 2043K, capacity 2112K, committed 2176K, reserved 1048576K
Event: 26.425 GC heap after
Heap after GC invocations=12 (full 1):
 PSYoungGen      total 80384K, used 2688K [0x0000000795580000, 0x000000079c400000, 0x00000007c0000000)
  eden space 65536K, 0% used [0x0000000795580000,0x0000000795580000,0x0000000799580000)
  from space 14848K, 18% used [0x0000000799580000,0x00000007998200a0,0x000000079a400000)
  to   space 15360K, 0% used [0x000000079b500000,0x000000079b500000,0x000000079c400000)
 ParOldGen       total 72192K, used 31785K [0x0000000740000000, 0x0000000744680000, 0x0000000795580000)
  object space 72192K, 44% used [0x0000000740000000,0x0000000741f0a728,0x0000000744680000)
 Metaspace       used 21274K, capacity 21471K, committed 21808K, reserved 1069056K
  class space    used 2043K, capacity 2112K, committed 2176K, reserved 1048576K
}
Event: 32.937 GC heap before
{Heap before GC invocations=13 (full 1):
 PSYoungGen      total 80384K, used 68224K [0x0000000795580000, 0x000000079c400000, 0x00000007c0000000)
  eden space 65536K, 100% used [0x0000000795580000,0x0000000799580000,0x0000000799580000)
  from space 14848K, 18% used [0x0000000799580000,0x00000007998200a0,0x000000079a400000)
  to   space 15360K, 0% used [0x000000079b500000,0x000000079b500000,0x000000079c400000)
 ParOldGen       total 72192K, used 31785K [0x0000000740000000, 0x0000000744680000, 0x0000000795580000)
  object space 72192K, 44% used [0x0000000740000000,0x0000000741f0a728,0x0000000744680000)
 Metaspace       used 21281K, capacity 21471K, committed 21808K, reserved 1069056K
  class space    used 2043K, capacity 2112K, committed 2176K, reserved 1048576K
Event: 32.939 GC heap after
Heap after GC invocations=13 (full 1):
 PSYoungGen      total 67072K, used 2720K [0x0000000795580000, 0x000000079b800000, 0x00000007c0000000)
  eden space 64000K, 0% used [0x0000000795580000,0x0000000795580000,0x0000000799400000)
  from space 3072K, 88% used [0x000000079b500000,0x000000079b7a80a0,0x000000079b800000)
  to   space 15360K, 0% used [0x0000000799a00000,0x0000000799a00000,0x000000079a900000)
 ParOldGen       total 72192K, used 31793K [0x0000000740000000, 0x0000000744680000, 0x0000000795580000)
  object space 72192K, 44% used [0x0000000740000000,0x0000000741f0c728,0x0000000744680000)
 Metaspace       used 21281K, capacity 21471K, committed 21808K, reserved 1069056K
  class space    used 2043K, capacity 2112K, committed 2176K, reserved 1048576K
}
Event: 40.004 GC heap before
{Heap before GC invocations=14 (full 1):
 PSYoungGen      total 67072K, used 66720K [0x0000000795580000, 0x000000079b800000, 0x00000007c0000000)
  eden space 64000K, 100% used [0x0000000795580000,0x0000000799400000,0x0000000799400000)
  from space 3072K, 88% used [0x000000079b500000,0x000000079b7a80a0,0x000000079b800000)
  to   space 15360K, 0% used [0x0000000799a00000,0x0000000799a00000,0x000000079a900000)
 ParOldGen       total 72192K, used 31793K [0x0000000740000000, 0x0000000744680000, 0x0000000795580000)
  object space 72192K, 44% used [0x0000000740000000,0x0000000741f0c728,0x0000000744680000)
 Metaspace       used 21282K, capacity 21471K, committed 21808K, reserved 1069056K
  class space    used 2043K, capacity 2112K, committed 2176K, reserved 1048576K
Event: 40.005 GC heap after
Heap after GC invocations=14 (full 1):
 PSYoungGen      total 65536K, used 2688K [0x0000000795580000, 0x000000079b580000, 0x00000007c0000000)
  eden space 62464K, 0% used [0x0000000795580000,0x0000000795580000,0x0000000799280000)
  from space 3072K, 87% used [0x0000000799a00000,0x0000000799ca00a0,0x0000000799d00000)
  to   space 15360K, 0% used [0x000000079a680000,0x000000079a680000,0x000000079b580000)
 ParOldGen       total 72192K, used 31793K [0x0000000740000000, 0x0000000744680000, 0x0000000795580000)
  object space 72192K, 44% used [0x0000000740000000,0x0000000741f0c728,0x0000000744680000)
 Metaspace       used 21282K, capacity 21471K, committed 21808K, reserved 1069056K
  class space    used 2043K, capacity 2112K, committed 2176K, reserved 1048576K
}
Event: 45.646 GC heap before
{Heap before GC invocations=15 (full 1):
 PSYoungGen      total 65536K, used 65151K [0x0000000795580000, 0x000000079b580000, 0x00000007c0000000)
  eden space 62464K, 99% used [0x0000000795580000,0x000000079927fc00,0x0000000799280000)
  from space 3072K, 87% used [0x0000000799a00000,0x0000000799ca00a0,0x0000000799d00000)
  to   space 15360K, 0% used [0x000000079a680000,0x000000079a680000,0x000000079b580000)
 ParOldGen       total 72192K, used 31793K [0x0000000740000000, 0x0000000744680000, 0x0000000795580000)
  object space 72192K, 44% used [0x0000000740000000,0x0000000741f0c728,0x0000000744680000)
 Metaspace       used 21330K, capacity 21535K, committed 21808K, reserved 1069056K
  class space    used 2044K, capacity 2112K, committed 2176K, reserved 1048576K
Event: 45.649 GC heap after
Heap after GC invocations=15 (full 1):
 PSYoungGen      total 68608K, used 3984K [0x0000000795580000, 0x000000079ae00000, 0x00000007c0000000)
  eden space 60928K, 0% used [0x0000000795580000,0x0000000795580000,0x0000000799100000)
  from space 7680K, 51% used [0x000000079a680000,0x000000079aa64110,0x000000079ae00000)
  to   space 14848K, 0% used [0x0000000799100000,0x0000000799100000,0x0000000799f80000)
 ParOldGen       total 72192K, used 31801K [0x0000000740000000, 0x0000000744680000, 0x0000000795580000)
  object space 72192K, 44% used [0x0000000740000000,0x0000000741f0e728,0x0000000744680000)
 Metaspace       used 21330K, capacity 21535K, committed 21808K, reserved 1069056K
  class space    used 2044K, capacity 2112K, committed 2176K, reserved 1048576K
}

