# JRE version: Java(TM) SE Runtime Environment (8.0_101-b13) (build 1.8.0_101-b13)
# Java VM: Java HotSpot(TM) 64-Bit Server VM (25.101-b13 mixed mode bsd-amd64 compressed oops)
Heap:
 PSYoungGen      total 39424K, used 14433K [0x0000000795580000, 0x0000000798900000, 0x00000007c0000000)
  eden space 28160K, 50% used [0x0000000795580000,0x0000000796380690,0x0000000797100000)
  from space 11264K, 0% used [0x0000000797e00000,0x0000000797e18000,0x0000000798900000)
  to   space 12288K, 0% used [0x0000000797100000,0x0000000797100000,0x0000000797d00000)
 ParOldGen       total 57856K, used 16254K [0x0000000740000000, 0x0000000743880000, 0x0000000795580000)
  object space 57856K, 28% used [0x0000000740000000,0x0000000740fdf850,0x0000000743880000)
 Metaspace       used 21036K, capacity 21215K, committed 21552K, reserved 1069056K
  class space    used 2050K, capacity 2112K, committed 2176K, reserved 1048576K
GC Heap History (10 events):
Event: 40.415 GC heap before
{Heap before GC invocations=11 (full 1):
 PSYoungGen      total 31232K, used 30848K [0x0000000795580000, 0x0000000799080000, 0x00000007c0000000)
  eden space 30720K, 100% used [0x0000000795580000,0x0000000797380000,0x0000000797380000)
  from space 512K, 25% used [0x0000000797400000,0x0000000797420000,0x0000000797480000)
  to   space 14848K, 0% used [0x0000000798200000,0x0000000798200000,0x0000000799080000)
 ParOldGen       total 57856K, used 16254K [0x0000000740000000, 0x0000000743880000, 0x0000000795580000)
  object space 57856K, 28% used [0x0000000740000000,0x0000000740fdf850,0x0000000743880000)
 Metaspace       used 21006K, capacity 21215K, committed 21552K, reserved 1069056K
  class space    used 2043K, capacity 2112K, committed 2176K, reserved 1048576K
Event: 40.416 GC heap after
Heap after GC invocations=11 (full 1):
 PSYoungGen      total 43520K, used 96K [0x0000000795580000, 0x0000000798f00000, 0x00000007c0000000)
  eden space 30208K, 0% used [0x0000000795580000,0x0000000795580000,0x0000000797300000)
  from space 13312K, 0% used [0x0000000798200000,0x0000000798218000,0x0000000798f00000)
  to   space 14336K, 0% used [0x0000000797300000,0x0000000797300000,0x0000000798100000)
 ParOldGen       total 57856K, used 16254K [0x0000000740000000, 0x0000000743880000, 0x0000000795580000)
  object space 57856K, 28% used [0x0000000740000000,0x0000000740fdf850,0x0000000743880000)
 Metaspace       used 21006K, capacity 21215K, committed 21552K, reserved 1069056K
  class space    used 2043K, capacity 2112K, committed 2176K, reserved 1048576K
}
Event: 46.582 GC heap before
{Heap before GC invocations=12 (full 1):
 PSYoungGen      total 43520K, used 30304K [0x0000000795580000, 0x0000000798f00000, 0x00000007c0000000)
  eden space 30208K, 100% used [0x0000000795580000,0x0000000797300000,0x0000000797300000)
  from space 13312K, 0% used [0x0000000798200000,0x0000000798218000,0x0000000798f00000)
  to   space 14336K, 0% used [0x0000000797300000,0x0000000797300000,0x0000000798100000)
 ParOldGen       total 57856K, used 16254K [0x0000000740000000, 0x0000000743880000, 0x0000000795580000)
  object space 57856K, 28% used [0x0000000740000000,0x0000000740fdf850,0x0000000743880000)
 Metaspace       used 21006K, capacity 21215K, committed 21552K, reserved 1069056K
  class space    used 2043K, capacity 2112K, committed 2176K, reserved 1048576K
Event: 46.594 GC heap after
Heap after GC invocations=12 (full 1):
 PSYoungGen      total 30208K, used 96K [0x0000000795580000, 0x0000000798d80000, 0x00000007c0000000)
  eden space 29696K, 0% used [0x0000000795580000,0x0000000795580000,0x0000000797280000)
  from space 512K, 18% used [0x0000000797300000,0x0000000797318000,0x0000000797380000)
  to   space 13824K, 0% used [0x0000000798000000,0x0000000798000000,0x0000000798d80000)
 ParOldGen       total 57856K, used 16254K [0x0000000740000000, 0x0000000743880000, 0x0000000795580000)
  object space 57856K, 28% used [0x0000000740000000,0x0000000740fdf850,0x0000000743880000)
 Metaspace       used 21006K, capacity 21215K, committed 21552K, reserved 1069056K
  class space    used 2043K, capacity 2112K, committed 2176K, reserved 1048576K
}
Event: 53.865 GC heap before
{Heap before GC invocations=13 (full 1):
 PSYoungGen      total 30208K, used 29792K [0x0000000795580000, 0x0000000798d80000, 0x00000007c0000000)
  eden space 29696K, 100% used [0x0000000795580000,0x0000000797280000,0x0000000797280000)
  from space 512K, 18% used [0x0000000797300000,0x0000000797318000,0x0000000797380000)
  to   space 13824K, 0% used [0x0000000798000000,0x0000000798000000,0x0000000798d80000)
 ParOldGen       total 57856K, used 16254K [0x0000000740000000, 0x0000000743880000, 0x0000000795580000)
  object space 57856K, 28% used [0x0000000740000000,0x0000000740fdf850,0x0000000743880000)
 Metaspace       used 21006K, capacity 21215K, committed 21552K, reserved 1069056K
  class space    used 2043K, capacity 2112K, committed 2176K, reserved 1048576K
Event: 53.867 GC heap after
Heap after GC invocations=13 (full 1):
 PSYoungGen      total 41472K, used 128K [0x0000000795580000, 0x0000000798c00000, 0x00000007c0000000)
  eden space 29184K, 0% used [0x0000000795580000,0x0000000795580000,0x0000000797200000)
  from space 12288K, 1% used [0x0000000798000000,0x0000000798020000,0x0000000798c00000)
  to   space 13312K, 0% used [0x0000000797200000,0x0000000797200000,0x0000000797f00000)
 ParOldGen       total 57856K, used 16254K [0x0000000740000000, 0x0000000743880000, 0x0000000795580000)
  object space 57856K, 28% used [0x0000000740000000,0x0000000740fdf850,0x0000000743880000)
 Metaspace       used 21006K, capacity 21215K, committed 21552K, reserved 1069056K
  class space    used 2043K, capacity 2112K, committed 2176K, reserved 1048576K
}
Event: 61.582 GC heap before
{Heap before GC invocations=14 (full 1):
 PSYoungGen      total 41472K, used 29312K [0x0000000795580000, 0x0000000798c00000, 0x00000007c0000000)
  eden space 29184K, 100% used [0x0000000795580000,0x0000000797200000,0x0000000797200000)
  from space 12288K, 1% used [0x0000000798000000,0x0000000798020000,0x0000000798c00000)
  to   space 13312K, 0% used [0x0000000797200000,0x0000000797200000,0x0000000797f00000)
 ParOldGen       total 57856K, used 16254K [0x0000000740000000, 0x0000000743880000, 0x0000000795580000)
  object space 57856K, 28% used [0x0000000740000000,0x0000000740fdf850,0x0000000743880000)
 Metaspace       used 21007K, capacity 21215K, committed 21552K, reserved 1069056K
  class space    used 2043K, capacity 2112K, committed 2176K, reserved 1048576K
Event: 61.585 GC heap after
Heap after GC invocations=14 (full 1):
 PSYoungGen      total 29184K, used 128K [0x0000000795580000, 0x0000000798a80000, 0x00000007c0000000)
  eden space 28672K, 0% used [0x0000000795580000,0x0000000795580000,0x0000000797180000)
  from space 512K, 25% used [0x0000000797200000,0x0000000797220000,0x0000000797280000)
  to   space 12800K, 0% used [0x0000000797e00000,0x0000000797e00000,0x0000000798a80000)
 ParOldGen       total 57856K, used 16254K [0x0000000740000000, 0x0000000743880000, 0x0000000795580000)
  object space 57856K, 28% used [0x0000000740000000,0x0000000740fdf850,0x0000000743880000)
 Metaspace       used 21007K, capacity 21215K, committed 21552K, reserved 1069056K
  class space    used 2043K, capacity 2112K, committed 2176K, reserved 1048576K
}
Event: 69.149 GC heap before
{Heap before GC invocations=15 (full 1):
 PSYoungGen      total 29184K, used 28800K [0x0000000795580000, 0x0000000798a80000, 0x00000007c0000000)
  eden space 28672K, 100% used [0x0000000795580000,0x0000000797180000,0x0000000797180000)
  from space 512K, 25% used [0x0000000797200000,0x0000000797220000,0x0000000797280000)
  to   space 12800K, 0% used [0x0000000797e00000,0x0000000797e00000,0x0000000798a80000)
 ParOldGen       total 57856K, used 16254K [0x0000000740000000, 0x0000000743880000, 0x0000000795580000)
  object space 57856K, 28% used [0x0000000740000000,0x0000000740fdf850,0x0000000743880000)
 Metaspace       used 21007K, capacity 21215K, committed 21552K, reserved 1069056K
  class space    used 2043K, capacity 2112K, committed 2176K, reserved 1048576K
Event: 69.153 GC heap after
Heap after GC invocations=15 (full 1):
 PSYoungGen      total 39424K, used 96K [0x0000000795580000, 0x0000000798900000, 0x00000007c0000000)
  eden space 28160K, 0% used [0x0000000795580000,0x0000000795580000,0x0000000797100000)
  from space 11264K, 0% used [0x0000000797e00000,0x0000000797e18000,0x0000000798900000)
  to   space 12288K, 0% used [0x0000000797100000,0x0000000797100000,0x0000000797d00000)
 ParOldGen       total 57856K, used 16254K [0x0000000740000000, 0x0000000743880000, 0x0000000795580000)
  object space 57856K, 28% used [0x0000000740000000,0x0000000740fdf850,0x0000000743880000)
 Metaspace       used 21007K, capacity 21215K, committed 21552K, reserved 1069056K
  class space    used 2043K, capacity 2112K, committed 2176K, reserved 1048576K
}

