# JRE version: Java(TM) SE Runtime Environment (8.0_101-b13) (build 1.8.0_101-b13)
# Java VM: Java HotSpot(TM) 64-Bit Server VM (25.101-b13 mixed mode bsd-amd64 compressed oops)
Heap:
 PSYoungGen      total 46592K, used 27192K [0x0000000795580000, 0x000000079af80000, 0x00000007c0000000)
  eden space 32768K, 82% used [0x0000000795580000,0x000000079700e230,0x0000000797580000)
  from space 13824K, 0% used [0x0000000797580000,0x0000000797580000,0x0000000798300000)
  to   space 13312K, 0% used [0x000000079a280000,0x000000079a280000,0x000000079af80000)
 ParOldGen       total 88576K, used 34394K [0x0000000740000000, 0x0000000745680000, 0x0000000795580000)
  object space 88576K, 38% used [0x0000000740000000,0x0000000742196ac0,0x0000000745680000)
 Metaspace       used 21134K, capacity 21343K, committed 21552K, reserved 1069056K
  class space    used 2051K, capacity 2112K, committed 2176K, reserved 1048576K
GC Heap History (10 events):
Event: 9.412 GC heap before
{Heap before GC invocations=4 (full 0):
 PSYoungGen      total 38400K, used 38375K [0x0000000795580000, 0x0000000798000000, 0x00000007c0000000)
  eden space 33280K, 99% used [0x0000000795580000,0x00000007975fe088,0x0000000797600000)
  from space 5120K, 99% used [0x0000000797600000,0x0000000797afbbc0,0x0000000797b00000)
  to   space 5120K, 0% used [0x0000000797b00000,0x0000000797b00000,0x0000000798000000)
 ParOldGen       total 87552K, used 13192K [0x0000000740000000, 0x0000000745580000, 0x0000000795580000)
  object space 87552K, 15% used [0x0000000740000000,0x0000000740ce2350,0x0000000745580000)
 Metaspace       used 20599K, capacity 20767K, committed 21120K, reserved 1069056K
  class space    used 2043K, capacity 2112K, committed 2176K, reserved 1048576K
Event: 9.426 GC heap after
Heap after GC invocations=4 (full 0):
 PSYoungGen      total 38400K, used 5101K [0x0000000795580000, 0x0000000798000000, 0x00000007c0000000)
  eden space 33280K, 0% used [0x0000000795580000,0x0000000795580000,0x0000000797600000)
  from space 5120K, 99% used [0x0000000797b00000,0x0000000797ffb4a0,0x0000000798000000)
  to   space 5120K, 0% used [0x0000000797600000,0x0000000797600000,0x0000000797b00000)
 ParOldGen       total 87552K, used 18170K [0x0000000740000000, 0x0000000745580000, 0x0000000795580000)
  object space 87552K, 20% used [0x0000000740000000,0x00000007411bebb0,0x0000000745580000)
 Metaspace       used 20599K, capacity 20767K, committed 21120K, reserved 1069056K
  class space    used 2043K, capacity 2112K, committed 2176K, reserved 1048576K
}
Event: 9.986 GC heap before
{Heap before GC invocations=5 (full 0):
 PSYoungGen      total 38400K, used 38381K [0x0000000795580000, 0x0000000798000000, 0x00000007c0000000)
  eden space 33280K, 100% used [0x0000000795580000,0x0000000797600000,0x0000000797600000)
  from space 5120K, 99% used [0x0000000797b00000,0x0000000797ffb4a0,0x0000000798000000)
  to   space 5120K, 0% used [0x0000000797600000,0x0000000797600000,0x0000000797b00000)
 ParOldGen       total 87552K, used 18234K [0x0000000740000000, 0x0000000745580000, 0x0000000795580000)
  object space 87552K, 20% used [0x0000000740000000,0x00000007411ceba0,0x0000000745580000)
 Metaspace       used 20645K, capacity 20831K, committed 21120K, reserved 1069056K
  class space    used 2043K, capacity 2112K, committed 2176K, reserved 1048576K
Event: 9.996 GC heap after
Heap after GC invocations=5 (full 0):
 PSYoungGen      total 37888K, used 5101K [0x0000000795580000, 0x0000000799080000, 0x00000007c0000000)
  eden space 32768K, 0% used [0x0000000795580000,0x0000000795580000,0x0000000797580000)
  from space 5120K, 99% used [0x0000000797600000,0x0000000797afb4d0,0x0000000797b00000)
  to   space 13824K, 0% used [0x0000000798300000,0x0000000798300000,0x0000000799080000)
 ParOldGen       total 87552K, used 23833K [0x0000000740000000, 0x0000000745580000, 0x0000000795580000)
  object space 87552K, 27% used [0x0000000740000000,0x0000000741746488,0x0000000745580000)
 Metaspace       used 20645K, capacity 20831K, committed 21120K, reserved 1069056K
  class space    used 2043K, capacity 2112K, committed 2176K, reserved 1048576K
}
Event: 10.282 GC heap before
{Heap before GC invocations=6 (full 0):
 PSYoungGen      total 37888K, used 37779K [0x0000000795580000, 0x0000000799080000, 0x00000007c0000000)
  eden space 32768K, 99% used [0x0000000795580000,0x0000000797569950,0x0000000797580000)
  from space 5120K, 99% used [0x0000000797600000,0x0000000797afb4d0,0x0000000797b00000)
  to   space 13824K, 0% used [0x0000000798300000,0x0000000798300000,0x0000000799080000)
 ParOldGen       total 87552K, used 24089K [0x0000000740000000, 0x0000000745580000, 0x0000000795580000)
  object space 87552K, 27% used [0x0000000740000000,0x0000000741786498,0x0000000745580000)
 Metaspace       used 20690K, capacity 20895K, committed 21120K, reserved 1069056K
  class space    used 2043K, capacity 2112K, committed 2176K, reserved 1048576K
Event: 10.294 GC heap after
Heap after GC invocations=6 (full 0):
 PSYoungGen      total 46592K, used 11165K [0x0000000795580000, 0x000000079b080000, 0x00000007c0000000)
  eden space 32768K, 0% used [0x0000000795580000,0x0000000795580000,0x0000000797580000)
  from space 13824K, 80% used [0x0000000798300000,0x0000000798de7650,0x0000000799080000)
  to   space 13824K, 0% used [0x0000000797580000,0x0000000797580000,0x0000000798300000)
 ParOldGen       total 87552K, used 24089K [0x0000000740000000, 0x0000000745580000, 0x0000000795580000)
  object space 87552K, 27% used [0x0000000740000000,0x0000000741786498,0x0000000745580000)
 Metaspace       used 20690K, capacity 20895K, committed 21120K, reserved 1069056K
  class space    used 2043K, capacity 2112K, committed 2176K, reserved 1048576K
}
Event: 15.252 GC heap before
{Heap before GC invocations=7 (full 0):
 PSYoungGen      total 46592K, used 43039K [0x0000000795580000, 0x000000079b080000, 0x00000007c0000000)
  eden space 32768K, 97% used [0x0000000795580000,0x00000007974a08e0,0x0000000797580000)
  from space 13824K, 80% used [0x0000000798300000,0x0000000798de7650,0x0000000799080000)
  to   space 13824K, 0% used [0x0000000797580000,0x0000000797580000,0x0000000798300000)
 ParOldGen       total 87552K, used 24089K [0x0000000740000000, 0x0000000745580000, 0x0000000795580000)
  object space 87552K, 27% used [0x0000000740000000,0x0000000741786498,0x0000000745580000)
 Metaspace       used 20909K, capacity 21087K, committed 21296K, reserved 1069056K
  class space    used 2043K, capacity 2112K, committed 2176K, reserved 1048576K
Event: 15.266 GC heap after
Heap after GC invocations=7 (full 0):
 PSYoungGen      total 46592K, used 9680K [0x0000000795580000, 0x000000079af80000, 0x00000007c0000000)
  eden space 32768K, 0% used [0x0000000795580000,0x0000000795580000,0x0000000797580000)
  from space 13824K, 70% used [0x0000000797580000,0x0000000797ef42d0,0x0000000798300000)
  to   space 13312K, 0% used [0x000000079a280000,0x000000079a280000,0x000000079af80000)
 ParOldGen       total 87552K, used 27580K [0x0000000740000000, 0x0000000745580000, 0x0000000795580000)
  object space 87552K, 31% used [0x0000000740000000,0x0000000741aef1a0,0x0000000745580000)
 Metaspace       used 20909K, capacity 21087K, committed 21296K, reserved 1069056K
  class space    used 2043K, capacity 2112K, committed 2176K, reserved 1048576K
}
Event: 15.266 GC heap before
{Heap before GC invocations=8 (full 1):
 PSYoungGen      total 46592K, used 9680K [0x0000000795580000, 0x000000079af80000, 0x00000007c0000000)
  eden space 32768K, 0% used [0x0000000795580000,0x0000000795580000,0x0000000797580000)
  from space 13824K, 70% used [0x0000000797580000,0x0000000797ef42d0,0x0000000798300000)
  to   space 13312K, 0% used [0x000000079a280000,0x000000079a280000,0x000000079af80000)
 ParOldGen       total 87552K, used 27580K [0x0000000740000000, 0x0000000745580000, 0x0000000795580000)
  object space 87552K, 31% used [0x0000000740000000,0x0000000741aef1a0,0x0000000745580000)
 Metaspace       used 20909K, capacity 21087K, committed 21296K, reserved 1069056K
  class space    used 2043K, capacity 2112K, committed 2176K, reserved 1048576K
Event: 15.376 GC heap after
Heap after GC invocations=8 (full 1):
 PSYoungGen      total 46592K, used 0K [0x0000000795580000, 0x000000079af80000, 0x00000007c0000000)
  eden space 32768K, 0% used [0x0000000795580000,0x0000000795580000,0x0000000797580000)
  from space 13824K, 0% used [0x0000000797580000,0x0000000797580000,0x0000000798300000)
  to   space 13312K, 0% used [0x000000079a280000,0x000000079a280000,0x000000079af80000)
 ParOldGen       total 88576K, used 34394K [0x0000000740000000, 0x0000000745680000, 0x0000000795580000)
  object space 88576K, 38% used [0x0000000740000000,0x0000000742196ac0,0x0000000745680000)
 Metaspace       used 20909K, capacity 21087K, committed 21296K, reserved 1069056K
  class space    used 2043K, capacity 2112K, committed 2176K, reserved 1048576K
}

