# JRE version: Java(TM) SE Runtime Environment (8.0_101-b13) (build 1.8.0_101-b13)
# Java VM: Java HotSpot(TM) 64-Bit Server VM (25.101-b13 mixed mode bsd-amd64 compressed oops)
Heap:
 PSYoungGen      total 36864K, used 21556K [0x0000000795580000, 0x0000000798400000, 0x00000007c0000000)
  eden space 27136K, 79% used [0x0000000795580000,0x0000000796a7d1d8,0x0000000797000000)
  from space 9728K, 0% used [0x0000000797a80000,0x0000000797a90000,0x0000000798400000)
  to   space 10240K, 0% used [0x0000000797000000,0x0000000797000000,0x0000000797a00000)
 ParOldGen       total 71168K, used 46763K [0x0000000740000000, 0x0000000744580000, 0x0000000795580000)
  object space 71168K, 65% used [0x0000000740000000,0x0000000742daacf0,0x0000000744580000)
 Metaspace       used 21415K, capacity 21659K, committed 22064K, reserved 1069056K
  class space    used 2049K, capacity 2112K, committed 2176K, reserved 1048576K
GC Heap History (10 events):
Event: 122.375 GC heap before
{Heap before GC invocations=55 (full 1):
 PSYoungGen      total 27648K, used 27232K [0x0000000795580000, 0x0000000798c00000, 0x00000007c0000000)
  eden space 27136K, 100% used [0x0000000795580000,0x0000000797000000,0x0000000797000000)
  from space 512K, 18% used [0x0000000797000000,0x0000000797018000,0x0000000797080000)
  to   space 14336K, 0% used [0x0000000797e00000,0x0000000797e00000,0x0000000798c00000)
 ParOldGen       total 71168K, used 46731K [0x0000000740000000, 0x0000000744580000, 0x0000000795580000)
  object space 71168K, 65% used [0x0000000740000000,0x0000000742da2cf0,0x0000000744580000)
 Metaspace       used 21386K, capacity 21595K, committed 21808K, reserved 1069056K
  class space    used 2042K, capacity 2112K, committed 2176K, reserved 1048576K
Event: 122.377 GC heap after
Heap after GC invocations=55 (full 1):
 PSYoungGen      total 39424K, used 64K [0x0000000795580000, 0x0000000798a00000, 0x00000007c0000000)
  eden space 27136K, 0% used [0x0000000795580000,0x0000000795580000,0x0000000797000000)
  from space 12288K, 0% used [0x0000000797e00000,0x0000000797e10000,0x0000000798a00000)
  to   space 13312K, 0% used [0x0000000797000000,0x0000000797000000,0x0000000797d00000)
 ParOldGen       total 71168K, used 46739K [0x0000000740000000, 0x0000000744580000, 0x0000000795580000)
  object space 71168K, 65% used [0x0000000740000000,0x0000000742da4cf0,0x0000000744580000)
 Metaspace       used 21386K, capacity 21595K, committed 21808K, reserved 1069056K
  class space    used 2042K, capacity 2112K, committed 2176K, reserved 1048576K
}
Event: 124.959 GC heap before
{Heap before GC invocations=56 (full 1):
 PSYoungGen      total 39424K, used 27200K [0x0000000795580000, 0x0000000798a00000, 0x00000007c0000000)
  eden space 27136K, 100% used [0x0000000795580000,0x0000000797000000,0x0000000797000000)
  from space 12288K, 0% used [0x0000000797e00000,0x0000000797e10000,0x0000000798a00000)
  to   space 13312K, 0% used [0x0000000797000000,0x0000000797000000,0x0000000797d00000)
 ParOldGen       total 71168K, used 46739K [0x0000000740000000, 0x0000000744580000, 0x0000000795580000)
  object space 71168K, 65% used [0x0000000740000000,0x0000000742da4cf0,0x0000000744580000)
 Metaspace       used 21386K, capacity 21595K, committed 21808K, reserved 1069056K
  class space    used 2042K, capacity 2112K, committed 2176K, reserved 1048576K
Event: 124.960 GC heap after
Heap after GC invocations=56 (full 1):
 PSYoungGen      total 27648K, used 128K [0x0000000795580000, 0x0000000798900000, 0x00000007c0000000)
  eden space 27136K, 0% used [0x0000000795580000,0x0000000795580000,0x0000000797000000)
  from space 512K, 25% used [0x0000000797000000,0x0000000797020000,0x0000000797080000)
  to   space 12800K, 0% used [0x0000000797c80000,0x0000000797c80000,0x0000000798900000)
 ParOldGen       total 71168K, used 46739K [0x0000000740000000, 0x0000000744580000, 0x0000000795580000)
  object space 71168K, 65% used [0x0000000740000000,0x0000000742da4cf0,0x0000000744580000)
 Metaspace       used 21386K, capacity 21595K, committed 21808K, reserved 1069056K
  class space    used 2042K, capacity 2112K, committed 2176K, reserved 1048576K
}
Event: 127.542 GC heap before
{Heap before GC invocations=57 (full 1):
 PSYoungGen      total 27648K, used 27264K [0x0000000795580000, 0x0000000798900000, 0x00000007c0000000)
  eden space 27136K, 100% used [0x0000000795580000,0x0000000797000000,0x0000000797000000)
  from space 512K, 25% used [0x0000000797000000,0x0000000797020000,0x0000000797080000)
  to   space 12800K, 0% used [0x0000000797c80000,0x0000000797c80000,0x0000000798900000)
 ParOldGen       total 71168K, used 46739K [0x0000000740000000, 0x0000000744580000, 0x0000000795580000)
  object space 71168K, 65% used [0x0000000740000000,0x0000000742da4cf0,0x0000000744580000)
 Metaspace       used 21386K, capacity 21595K, committed 21808K, reserved 1069056K
  class space    used 2042K, capacity 2112K, committed 2176K, reserved 1048576K
Event: 127.543 GC heap after
Heap after GC invocations=57 (full 1):
 PSYoungGen      total 37888K, used 96K [0x0000000795580000, 0x0000000798700000, 0x00000007c0000000)
  eden space 27136K, 0% used [0x0000000795580000,0x0000000795580000,0x0000000797000000)
  from space 10752K, 0% used [0x0000000797c80000,0x0000000797c98000,0x0000000798700000)
  to   space 11776K, 0% used [0x0000000797000000,0x0000000797000000,0x0000000797b80000)
 ParOldGen       total 71168K, used 46755K [0x0000000740000000, 0x0000000744580000, 0x0000000795580000)
  object space 71168K, 65% used [0x0000000740000000,0x0000000742da8cf0,0x0000000744580000)
 Metaspace       used 21386K, capacity 21595K, committed 21808K, reserved 1069056K
  class space    used 2042K, capacity 2112K, committed 2176K, reserved 1048576K
}
Event: 130.124 GC heap before
{Heap before GC invocations=58 (full 1):
 PSYoungGen      total 37888K, used 27232K [0x0000000795580000, 0x0000000798700000, 0x00000007c0000000)
  eden space 27136K, 100% used [0x0000000795580000,0x0000000797000000,0x0000000797000000)
  from space 10752K, 0% used [0x0000000797c80000,0x0000000797c98000,0x0000000798700000)
  to   space 11776K, 0% used [0x0000000797000000,0x0000000797000000,0x0000000797b80000)
 ParOldGen       total 71168K, used 46755K [0x0000000740000000, 0x0000000744580000, 0x0000000795580000)
  object space 71168K, 65% used [0x0000000740000000,0x0000000742da8cf0,0x0000000744580000)
 Metaspace       used 21386K, capacity 21595K, committed 21808K, reserved 1069056K
  class space    used 2042K, capacity 2112K, committed 2176K, reserved 1048576K
Event: 130.126 GC heap after
Heap after GC invocations=58 (full 1):
 PSYoungGen      total 27648K, used 96K [0x0000000795580000, 0x0000000798500000, 0x00000007c0000000)
  eden space 27136K, 0% used [0x0000000795580000,0x0000000795580000,0x0000000797000000)
  from space 512K, 18% used [0x0000000797000000,0x0000000797018000,0x0000000797080000)
  to   space 10752K, 0% used [0x0000000797a80000,0x0000000797a80000,0x0000000798500000)
 ParOldGen       total 71168K, used 46755K [0x0000000740000000, 0x0000000744580000, 0x0000000795580000)
  object space 71168K, 65% used [0x0000000740000000,0x0000000742da8cf0,0x0000000744580000)
 Metaspace       used 21386K, capacity 21595K, committed 21808K, reserved 1069056K
  class space    used 2042K, capacity 2112K, committed 2176K, reserved 1048576K
}
Event: 132.724 GC heap before
{Heap before GC invocations=59 (full 1):
 PSYoungGen      total 27648K, used 27232K [0x0000000795580000, 0x0000000798500000, 0x00000007c0000000)
  eden space 27136K, 100% used [0x0000000795580000,0x0000000797000000,0x0000000797000000)
  from space 512K, 18% used [0x0000000797000000,0x0000000797018000,0x0000000797080000)
  to   space 10752K, 0% used [0x0000000797a80000,0x0000000797a80000,0x0000000798500000)
 ParOldGen       total 71168K, used 46755K [0x0000000740000000, 0x0000000744580000, 0x0000000795580000)
  object space 71168K, 65% used [0x0000000740000000,0x0000000742da8cf0,0x0000000744580000)
 Metaspace       used 21386K, capacity 21595K, committed 21808K, reserved 1069056K
  class space    used 2042K, capacity 2112K, committed 2176K, reserved 1048576K
Event: 132.725 GC heap after
Heap after GC invocations=59 (full 1):
 PSYoungGen      total 36864K, used 64K [0x0000000795580000, 0x0000000798400000, 0x00000007c0000000)
  eden space 27136K, 0% used [0x0000000795580000,0x0000000795580000,0x0000000797000000)
  from space 9728K, 0% used [0x0000000797a80000,0x0000000797a90000,0x0000000798400000)
  to   space 10240K, 0% used [0x0000000797000000,0x0000000797000000,0x0000000797a00000)
 ParOldGen       total 71168K, used 46763K [0x0000000740000000, 0x0000000744580000, 0x0000000795580000)
  object space 71168K, 65% used [0x0000000740000000,0x0000000742daacf0,0x0000000744580000)
 Metaspace       used 21386K, capacity 21595K, committed 21808K, reserved 1069056K
  class space    used 2042K, capacity 2112K, committed 2176K, reserved 1048576K
}

