# JRE version: Java(TM) SE Runtime Environment (8.0_101-b13) (build 1.8.0_101-b13)
# Java VM: Java HotSpot(TM) 64-Bit Server VM (25.101-b13 mixed mode bsd-amd64 compressed oops)
Heap:
 PSYoungGen      total 53760K, used 33757K [0x0000000795580000, 0x0000000799280000, 0x00000007c0000000)
  eden space 46080K, 73% used [0x0000000795580000,0x000000079765f720,0x0000000798280000)
  from space 7680K, 1% used [0x0000000798b00000,0x0000000798b18000,0x0000000799280000)
  to   space 8192K, 0% used [0x0000000798280000,0x0000000798280000,0x0000000798a80000)
 ParOldGen       total 62976K, used 40815K [0x0000000740000000, 0x0000000743d80000, 0x0000000795580000)
  object space 62976K, 64% used [0x0000000740000000,0x00000007427dbdf0,0x0000000743d80000)
 Metaspace       used 21358K, capacity 21535K, committed 21808K, reserved 1069056K
  class space    used 2049K, capacity 2112K, committed 2176K, reserved 1048576K
GC Heap History (10 events):
Event: 137.902 GC heap before
{Heap before GC invocations=31 (full 1):
 PSYoungGen      total 55808K, used 55744K [0x0000000795580000, 0x0000000799780000, 0x00000007c0000000)
  eden space 51200K, 100% used [0x0000000795580000,0x0000000798780000,0x0000000798780000)
  from space 4608K, 98% used [0x0000000798880000,0x0000000798cf0110,0x0000000798d00000)
  to   space 8192K, 0% used [0x0000000798f80000,0x0000000798f80000,0x0000000799780000)
 ParOldGen       total 62976K, used 36303K [0x0000000740000000, 0x0000000743d80000, 0x0000000795580000)
  object space 62976K, 57% used [0x0000000740000000,0x0000000742373ce0,0x0000000743d80000)
 Metaspace       used 21329K, capacity 21535K, committed 21808K, reserved 1069056K
  class space    used 2043K, capacity 2112K, committed 2176K, reserved 1048576K
Event: 137.904 GC heap after
Heap after GC invocations=31 (full 1):
 PSYoungGen      total 57344K, used 4512K [0x0000000795580000, 0x0000000799680000, 0x00000007c0000000)
  eden space 50176K, 0% used [0x0000000795580000,0x0000000795580000,0x0000000798680000)
  from space 7168K, 62% used [0x0000000798f80000,0x00000007993e8110,0x0000000799680000)
  to   space 8192K, 0% used [0x0000000798680000,0x0000000798680000,0x0000000798e80000)
 ParOldGen       total 62976K, used 36335K [0x0000000740000000, 0x0000000743d80000, 0x0000000795580000)
  object space 62976K, 57% used [0x0000000740000000,0x000000074237bce0,0x0000000743d80000)
 Metaspace       used 21329K, capacity 21535K, committed 21808K, reserved 1069056K
  class space    used 2043K, capacity 2112K, committed 2176K, reserved 1048576K
}
Event: 142.236 GC heap before
{Heap before GC invocations=32 (full 1):
 PSYoungGen      total 57344K, used 54688K [0x0000000795580000, 0x0000000799680000, 0x00000007c0000000)
  eden space 50176K, 100% used [0x0000000795580000,0x0000000798680000,0x0000000798680000)
  from space 7168K, 62% used [0x0000000798f80000,0x00000007993e8110,0x0000000799680000)
  to   space 8192K, 0% used [0x0000000798680000,0x0000000798680000,0x0000000798e80000)
 ParOldGen       total 62976K, used 36335K [0x0000000740000000, 0x0000000743d80000, 0x0000000795580000)
  object space 62976K, 57% used [0x0000000740000000,0x000000074237bce0,0x0000000743d80000)
 Metaspace       used 21329K, capacity 21535K, committed 21808K, reserved 1069056K
  class space    used 2043K, capacity 2112K, committed 2176K, reserved 1048576K
Event: 142.237 GC heap after
Heap after GC invocations=32 (full 1):
 PSYoungGen      total 53760K, used 4544K [0x0000000795580000, 0x0000000799480000, 0x00000007c0000000)
  eden space 49152K, 0% used [0x0000000795580000,0x0000000795580000,0x0000000798580000)
  from space 4608K, 98% used [0x0000000798680000,0x0000000798af0110,0x0000000798b00000)
  to   space 7680K, 0% used [0x0000000798d00000,0x0000000798d00000,0x0000000799480000)
 ParOldGen       total 62976K, used 36343K [0x0000000740000000, 0x0000000743d80000, 0x0000000795580000)
  object space 62976K, 57% used [0x0000000740000000,0x000000074237dce0,0x0000000743d80000)
 Metaspace       used 21329K, capacity 21535K, committed 21808K, reserved 1069056K
  class space    used 2043K, capacity 2112K, committed 2176K, reserved 1048576K
}
Event: 146.453 GC heap before
{Heap before GC invocations=33 (full 1):
 PSYoungGen      total 53760K, used 53696K [0x0000000795580000, 0x0000000799480000, 0x00000007c0000000)
  eden space 49152K, 100% used [0x0000000795580000,0x0000000798580000,0x0000000798580000)
  from space 4608K, 98% used [0x0000000798680000,0x0000000798af0110,0x0000000798b00000)
  to   space 7680K, 0% used [0x0000000798d00000,0x0000000798d00000,0x0000000799480000)
 ParOldGen       total 62976K, used 36343K [0x0000000740000000, 0x0000000743d80000, 0x0000000795580000)
  object space 62976K, 57% used [0x0000000740000000,0x000000074237dce0,0x0000000743d80000)
 Metaspace       used 21329K, capacity 21535K, committed 21808K, reserved 1069056K
  class space    used 2043K, capacity 2112K, committed 2176K, reserved 1048576K
Event: 146.455 GC heap after
Heap after GC invocations=33 (full 1):
 PSYoungGen      total 54784K, used 2976K [0x0000000795580000, 0x0000000799380000, 0x00000007c0000000)
  eden space 48128K, 0% used [0x0000000795580000,0x0000000795580000,0x0000000798480000)
  from space 6656K, 44% used [0x0000000798d00000,0x0000000798fe80b0,0x0000000799380000)
  to   space 7680K, 0% used [0x0000000798480000,0x0000000798480000,0x0000000798c00000)
 ParOldGen       total 62976K, used 37927K [0x0000000740000000, 0x0000000743d80000, 0x0000000795580000)
  object space 62976K, 60% used [0x0000000740000000,0x0000000742509d40,0x0000000743d80000)
 Metaspace       used 21329K, capacity 21535K, committed 21808K, reserved 1069056K
  class space    used 2043K, capacity 2112K, committed 2176K, reserved 1048576K
}
Event: 150.585 GC heap before
{Heap before GC invocations=34 (full 1):
 PSYoungGen      total 54784K, used 51104K [0x0000000795580000, 0x0000000799380000, 0x00000007c0000000)
  eden space 48128K, 100% used [0x0000000795580000,0x0000000798480000,0x0000000798480000)
  from space 6656K, 44% used [0x0000000798d00000,0x0000000798fe80b0,0x0000000799380000)
  to   space 7680K, 0% used [0x0000000798480000,0x0000000798480000,0x0000000798c00000)
 ParOldGen       total 62976K, used 37927K [0x0000000740000000, 0x0000000743d80000, 0x0000000795580000)
  object space 62976K, 60% used [0x0000000740000000,0x0000000742509d40,0x0000000743d80000)
 Metaspace       used 21329K, capacity 21535K, committed 21808K, reserved 1069056K
  class space    used 2043K, capacity 2112K, committed 2176K, reserved 1048576K
Event: 150.587 GC heap after
Heap after GC invocations=34 (full 1):
 PSYoungGen      total 48128K, used 672K [0x0000000795580000, 0x0000000799280000, 0x00000007c0000000)
  eden space 47104K, 0% used [0x0000000795580000,0x0000000795580000,0x0000000798380000)
  from space 1024K, 65% used [0x0000000798480000,0x0000000798528020,0x0000000798580000)
  to   space 7680K, 0% used [0x0000000798b00000,0x0000000798b00000,0x0000000799280000)
 ParOldGen       total 62976K, used 40271K [0x0000000740000000, 0x0000000743d80000, 0x0000000795580000)
  object space 62976K, 63% used [0x0000000740000000,0x0000000742753dd0,0x0000000743d80000)
 Metaspace       used 21329K, capacity 21535K, committed 21808K, reserved 1069056K
  class space    used 2043K, capacity 2112K, committed 2176K, reserved 1048576K
}
Event: 154.684 GC heap before
{Heap before GC invocations=35 (full 1):
 PSYoungGen      total 48128K, used 47776K [0x0000000795580000, 0x0000000799280000, 0x00000007c0000000)
  eden space 47104K, 100% used [0x0000000795580000,0x0000000798380000,0x0000000798380000)
  from space 1024K, 65% used [0x0000000798480000,0x0000000798528020,0x0000000798580000)
  to   space 7680K, 0% used [0x0000000798b00000,0x0000000798b00000,0x0000000799280000)
 ParOldGen       total 62976K, used 40271K [0x0000000740000000, 0x0000000743d80000, 0x0000000795580000)
  object space 62976K, 63% used [0x0000000740000000,0x0000000742753dd0,0x0000000743d80000)
 Metaspace       used 21329K, capacity 21535K, committed 21808K, reserved 1069056K
  class space    used 2043K, capacity 2112K, committed 2176K, reserved 1048576K
Event: 154.686 GC heap after
Heap after GC invocations=35 (full 1):
 PSYoungGen      total 53760K, used 96K [0x0000000795580000, 0x0000000799280000, 0x00000007c0000000)
  eden space 46080K, 0% used [0x0000000795580000,0x0000000795580000,0x0000000798280000)
  from space 7680K, 1% used [0x0000000798b00000,0x0000000798b18000,0x0000000799280000)
  to   space 8192K, 0% used [0x0000000798280000,0x0000000798280000,0x0000000798a80000)
 ParOldGen       total 62976K, used 40815K [0x0000000740000000, 0x0000000743d80000, 0x0000000795580000)
  object space 62976K, 64% used [0x0000000740000000,0x00000007427dbdf0,0x0000000743d80000)
 Metaspace       used 21329K, capacity 21535K, committed 21808K, reserved 1069056K
  class space    used 2043K, capacity 2112K, committed 2176K, reserved 1048576K
}

