# JRE version: Java(TM) SE Runtime Environment (8.0_92-b14) (build 1.8.0_92-b14)
# Java VM: Java HotSpot(TM) 64-Bit Server VM (25.92-b14 mixed mode bsd-amd64 compressed oops)
Heap:
 PSYoungGen      total 78336K, used 42782K [0x0000000795580000, 0x000000079b580000, 0x00000007c0000000)
  eden space 62976K, 43% used [0x0000000795580000,0x00000007970777b8,0x0000000799300000)
  from space 15360K, 98% used [0x000000079a380000,0x000000079b2503f0,0x000000079b280000)
  to   space 16896K, 0% used [0x0000000799300000,0x0000000799300000,0x000000079a380000)
 ParOldGen       total 87552K, used 23148K [0x0000000740000000, 0x0000000745580000, 0x0000000795580000)
  object space 87552K, 26% used [0x0000000740000000,0x000000074169b2e8,0x0000000745580000)
 Metaspace       used 19239K, capacity 19399K, committed 19584K, reserved 1067008K
  class space    used 1868K, capacity 1918K, committed 1920K, reserved 1048576K
GC Heap History (10 events):
Event: 3.689 GC heap before
{Heap before GC invocations=4 (full 0):
 PSYoungGen      total 38400K, used 38210K [0x0000000795580000, 0x0000000798000000, 0x00000007c0000000)
  eden space 33280K, 99% used [0x0000000795580000,0x00000007975d69a8,0x0000000797600000)
  from space 5120K, 99% used [0x0000000797600000,0x0000000797afa1b0,0x0000000797b00000)
  to   space 5120K, 0% used [0x0000000797b00000,0x0000000797b00000,0x0000000798000000)
 ParOldGen       total 87552K, used 11891K [0x0000000740000000, 0x0000000745580000, 0x0000000795580000)
  object space 87552K, 13% used [0x0000000740000000,0x0000000740b9cc18,0x0000000745580000)
 Metaspace       used 18554K, capacity 18685K, committed 18816K, reserved 1067008K
  class space    used 1860K, capacity 1917K, committed 1920K, reserved 1048576K
Event: 3.696 GC heap after
Heap after GC invocations=4 (full 0):
 PSYoungGen      total 38400K, used 5112K [0x0000000795580000, 0x000000079a080000, 0x00000007c0000000)
  eden space 33280K, 0% used [0x0000000795580000,0x0000000795580000,0x0000000797600000)
  from space 5120K, 99% used [0x0000000797b00000,0x0000000797ffe190,0x0000000798000000)
  to   space 5120K, 0% used [0x0000000797600000,0x0000000797600000,0x0000000797b00000)
 ParOldGen       total 87552K, used 18155K [0x0000000740000000, 0x0000000745580000, 0x0000000795580000)
  object space 87552K, 20% used [0x0000000740000000,0x00000007411bae88,0x0000000745580000)
 Metaspace       used 18554K, capacity 18685K, committed 18816K, reserved 1067008K
  class space    used 1860K, capacity 1917K, committed 1920K, reserved 1048576K
}
Event: 7.788 GC heap before
{Heap before GC invocations=5 (full 0):
 PSYoungGen      total 38400K, used 38392K [0x0000000795580000, 0x000000079a080000, 0x00000007c0000000)
  eden space 33280K, 100% used [0x0000000795580000,0x0000000797600000,0x0000000797600000)
  from space 5120K, 99% used [0x0000000797b00000,0x0000000797ffe190,0x0000000798000000)
  to   space 5120K, 0% used [0x0000000797600000,0x0000000797600000,0x0000000797b00000)
 ParOldGen       total 87552K, used 18155K [0x0000000740000000, 0x0000000745580000, 0x0000000795580000)
  object space 87552K, 20% used [0x0000000740000000,0x00000007411bae88,0x0000000745580000)
 Metaspace       used 18966K, capacity 19139K, committed 19328K, reserved 1067008K
  class space    used 1861K, capacity 1918K, committed 1920K, reserved 1048576K
Event: 7.793 GC heap after
Heap after GC invocations=5 (full 0):
 PSYoungGen      total 37888K, used 5112K [0x0000000795580000, 0x0000000799280000, 0x00000007c0000000)
  eden space 32768K, 0% used [0x0000000795580000,0x0000000795580000,0x0000000797580000)
  from space 5120K, 99% used [0x0000000797600000,0x0000000797afe190,0x0000000797b00000)
  to   space 14848K, 0% used [0x0000000798400000,0x0000000798400000,0x0000000799280000)
 ParOldGen       total 87552K, used 18955K [0x0000000740000000, 0x0000000745580000, 0x0000000795580000)
  object space 87552K, 21% used [0x0000000740000000,0x0000000741282eb8,0x0000000745580000)
 Metaspace       used 18966K, capacity 19139K, committed 19328K, reserved 1067008K
  class space    used 1861K, capacity 1918K, committed 1920K, reserved 1048576K
}
Event: 9.536 GC heap before
{Heap before GC invocations=6 (full 0):
 PSYoungGen      total 37888K, used 37880K [0x0000000795580000, 0x0000000799280000, 0x00000007c0000000)
  eden space 32768K, 100% used [0x0000000795580000,0x0000000797580000,0x0000000797580000)
  from space 5120K, 99% used [0x0000000797600000,0x0000000797afe190,0x0000000797b00000)
  to   space 14848K, 0% used [0x0000000798400000,0x0000000798400000,0x0000000799280000)
 ParOldGen       total 87552K, used 18955K [0x0000000740000000, 0x0000000745580000, 0x0000000795580000)
  object space 87552K, 21% used [0x0000000740000000,0x0000000741282eb8,0x0000000745580000)
 Metaspace       used 19062K, capacity 19207K, committed 19328K, reserved 1067008K
  class space    used 1861K, capacity 1918K, committed 1920K, reserved 1048576K
Event: 9.544 GC heap after
Heap after GC invocations=6 (full 0):
 PSYoungGen      total 45568K, used 10008K [0x0000000795580000, 0x0000000799100000, 0x00000007c0000000)
  eden space 32256K, 0% used [0x0000000795580000,0x0000000795580000,0x0000000797500000)
  from space 13312K, 75% used [0x0000000798400000,0x0000000798dc62f0,0x0000000799100000)
  to   space 14336K, 0% used [0x0000000797500000,0x0000000797500000,0x0000000798300000)
 ParOldGen       total 87552K, used 18963K [0x0000000740000000, 0x0000000745580000, 0x0000000795580000)
  object space 87552K, 21% used [0x0000000740000000,0x0000000741284eb8,0x0000000745580000)
 Metaspace       used 19062K, capacity 19207K, committed 19328K, reserved 1067008K
  class space    used 1861K, capacity 1918K, committed 1920K, reserved 1048576K
}
Event: 9.986 GC heap before
{Heap before GC invocations=7 (full 0):
 PSYoungGen      total 45568K, used 42264K [0x0000000795580000, 0x0000000799100000, 0x00000007c0000000)
  eden space 32256K, 100% used [0x0000000795580000,0x0000000797500000,0x0000000797500000)
  from space 13312K, 75% used [0x0000000798400000,0x0000000798dc62f0,0x0000000799100000)
  to   space 14336K, 0% used [0x0000000797500000,0x0000000797500000,0x0000000798300000)
 ParOldGen       total 87552K, used 18963K [0x0000000740000000, 0x0000000745580000, 0x0000000795580000)
  object space 87552K, 21% used [0x0000000740000000,0x0000000741284eb8,0x0000000745580000)
 Metaspace       used 19097K, capacity 19271K, committed 19328K, reserved 1067008K
  class space    used 1861K, capacity 1918K, committed 1920K, reserved 1048576K
Event: 9.994 GC heap after
Heap after GC invocations=7 (full 0):
 PSYoungGen      total 46592K, used 12144K [0x0000000795580000, 0x000000079b280000, 0x00000007c0000000)
  eden space 32256K, 0% used [0x0000000795580000,0x0000000795580000,0x0000000797500000)
  from space 14336K, 84% used [0x0000000797500000,0x00000007980dc340,0x0000000798300000)
  to   space 15360K, 0% used [0x000000079a380000,0x000000079a380000,0x000000079b280000)
 ParOldGen       total 87552K, used 22076K [0x0000000740000000, 0x0000000745580000, 0x0000000795580000)
  object space 87552K, 25% used [0x0000000740000000,0x000000074158f2a8,0x0000000745580000)
 Metaspace       used 19097K, capacity 19271K, committed 19328K, reserved 1067008K
  class space    used 1861K, capacity 1918K, committed 1920K, reserved 1048576K
}
Event: 10.603 GC heap before
{Heap before GC invocations=8 (full 0):
 PSYoungGen      total 46592K, used 44219K [0x0000000795580000, 0x000000079b280000, 0x00000007c0000000)
  eden space 32256K, 99% used [0x0000000795580000,0x00000007974d2ab0,0x0000000797500000)
  from space 14336K, 84% used [0x0000000797500000,0x00000007980dc340,0x0000000798300000)
  to   space 15360K, 0% used [0x000000079a380000,0x000000079a380000,0x000000079b280000)
 ParOldGen       total 87552K, used 22076K [0x0000000740000000, 0x0000000745580000, 0x0000000795580000)
  object space 87552K, 25% used [0x0000000740000000,0x000000074158f2a8,0x0000000745580000)
 Metaspace       used 19136K, capacity 19271K, committed 19328K, reserved 1067008K
  class space    used 1861K, capacity 1918K, committed 1920K, reserved 1048576K
Event: 10.610 GC heap after
Heap after GC invocations=8 (full 0):
 PSYoungGen      total 78336K, used 15168K [0x0000000795580000, 0x000000079b580000, 0x00000007c0000000)
  eden space 62976K, 0% used [0x0000000795580000,0x0000000795580000,0x0000000799300000)
  from space 15360K, 98% used [0x000000079a380000,0x000000079b2503f0,0x000000079b280000)
  to   space 16896K, 0% used [0x0000000799300000,0x0000000799300000,0x000000079a380000)
 ParOldGen       total 87552K, used 23148K [0x0000000740000000, 0x0000000745580000, 0x0000000795580000)
  object space 87552K, 26% used [0x0000000740000000,0x000000074169b2e8,0x0000000745580000)
 Metaspace       used 19136K, capacity 19271K, committed 19328K, reserved 1067008K
  class space    used 1861K, capacity 1918K, committed 1920K, reserved 1048576K
}

