# JRE version: Java(TM) SE Runtime Environment (8.0_92-b14) (build 1.8.0_92-b14)
# Java VM: Java HotSpot(TM) 64-Bit Server VM (25.92-b14 mixed mode bsd-amd64 compressed oops)
Heap:
 PSYoungGen      total 30208K, used 2581K [0x0000000795580000, 0x0000000798b80000, 0x00000007c0000000)
  eden space 29696K, 8% used [0x0000000795580000,0x00000007957dd7c0,0x0000000797280000)
  from space 512K, 31% used [0x0000000797300000,0x0000000797328000,0x0000000797380000)
  to   space 12800K, 0% used [0x0000000797f00000,0x0000000797f00000,0x0000000798b80000)
 ParOldGen       total 56832K, used 15387K [0x0000000740000000, 0x0000000743780000, 0x0000000795580000)
  object space 56832K, 27% used [0x0000000740000000,0x0000000740f06c98,0x0000000743780000)
 Metaspace       used 21114K, capacity 21275K, committed 21552K, reserved 1069056K
  class space    used 2042K, capacity 2112K, committed 2176K, reserved 1048576K
GC Heap History (10 events):
Event: 39.201 GC heap before
{Heap before GC invocations=8 (full 1):
 PSYoungGen      total 46080K, used 32384K [0x0000000795580000, 0x0000000799100000, 0x00000007c0000000)
  eden space 32256K, 100% used [0x0000000795580000,0x0000000797500000,0x0000000797500000)
  from space 13824K, 0% used [0x0000000798380000,0x00000007983a0000,0x0000000799100000)
  to   space 14336K, 0% used [0x0000000797500000,0x0000000797500000,0x0000000798300000)
 ParOldGen       total 56832K, used 15363K [0x0000000740000000, 0x0000000743780000, 0x0000000795580000)
  object space 56832K, 27% used [0x0000000740000000,0x0000000740f00c98,0x0000000743780000)
 Metaspace       used 20978K, capacity 21147K, committed 21552K, reserved 1069056K
  class space    used 2036K, capacity 2112K, committed 2176K, reserved 1048576K
Event: 39.202 GC heap after
Heap after GC invocations=8 (full 1):
 PSYoungGen      total 32256K, used 96K [0x0000000795580000, 0x0000000799080000, 0x00000007c0000000)
  eden space 31744K, 0% used [0x0000000795580000,0x0000000795580000,0x0000000797480000)
  from space 512K, 18% used [0x0000000797500000,0x0000000797518000,0x0000000797580000)
  to   space 14336K, 0% used [0x0000000798280000,0x0000000798280000,0x0000000799080000)
 ParOldGen       total 56832K, used 15363K [0x0000000740000000, 0x0000000743780000, 0x0000000795580000)
  object space 56832K, 27% used [0x0000000740000000,0x0000000740f00c98,0x0000000743780000)
 Metaspace       used 20978K, capacity 21147K, committed 21552K, reserved 1069056K
  class space    used 2036K, capacity 2112K, committed 2176K, reserved 1048576K
}
Event: 47.434 GC heap before
{Heap before GC invocations=9 (full 1):
 PSYoungGen      total 32256K, used 31840K [0x0000000795580000, 0x0000000799080000, 0x00000007c0000000)
  eden space 31744K, 100% used [0x0000000795580000,0x0000000797480000,0x0000000797480000)
  from space 512K, 18% used [0x0000000797500000,0x0000000797518000,0x0000000797580000)
  to   space 14336K, 0% used [0x0000000798280000,0x0000000798280000,0x0000000799080000)
 ParOldGen       total 56832K, used 15363K [0x0000000740000000, 0x0000000743780000, 0x0000000795580000)
  object space 56832K, 27% used [0x0000000740000000,0x0000000740f00c98,0x0000000743780000)
 Metaspace       used 21046K, capacity 21275K, committed 21552K, reserved 1069056K
  class space    used 2036K, capacity 2112K, committed 2176K, reserved 1048576K
Event: 47.436 GC heap after
Heap after GC invocations=9 (full 1):
 PSYoungGen      total 45056K, used 160K [0x0000000795580000, 0x0000000799000000, 0x00000007c0000000)
  eden space 31232K, 0% used [0x0000000795580000,0x0000000795580000,0x0000000797400000)
  from space 13824K, 1% used [0x0000000798280000,0x00000007982a8000,0x0000000799000000)
  to   space 14336K, 0% used [0x0000000797400000,0x0000000797400000,0x0000000798200000)
 ParOldGen       total 56832K, used 15371K [0x0000000740000000, 0x0000000743780000, 0x0000000795580000)
  object space 56832K, 27% used [0x0000000740000000,0x0000000740f02c98,0x0000000743780000)
 Metaspace       used 21046K, capacity 21275K, committed 21552K, reserved 1069056K
  class space    used 2036K, capacity 2112K, committed 2176K, reserved 1048576K
}
Event: 55.551 GC heap before
{Heap before GC invocations=10 (full 1):
 PSYoungGen      total 45056K, used 31392K [0x0000000795580000, 0x0000000799000000, 0x00000007c0000000)
  eden space 31232K, 100% used [0x0000000795580000,0x0000000797400000,0x0000000797400000)
  from space 13824K, 1% used [0x0000000798280000,0x00000007982a8000,0x0000000799000000)
  to   space 14336K, 0% used [0x0000000797400000,0x0000000797400000,0x0000000798200000)
 ParOldGen       total 56832K, used 15371K [0x0000000740000000, 0x0000000743780000, 0x0000000795580000)
  object space 56832K, 27% used [0x0000000740000000,0x0000000740f02c98,0x0000000743780000)
 Metaspace       used 21079K, capacity 21275K, committed 21552K, reserved 1069056K
  class space    used 2036K, capacity 2112K, committed 2176K, reserved 1048576K
Event: 55.552 GC heap after
Heap after GC invocations=10 (full 1):
 PSYoungGen      total 31232K, used 160K [0x0000000795580000, 0x0000000798e80000, 0x00000007c0000000)
  eden space 30720K, 0% used [0x0000000795580000,0x0000000795580000,0x0000000797380000)
  from space 512K, 31% used [0x0000000797400000,0x0000000797428000,0x0000000797480000)
  to   space 13824K, 0% used [0x0000000798100000,0x0000000798100000,0x0000000798e80000)
 ParOldGen       total 56832K, used 15379K [0x0000000740000000, 0x0000000743780000, 0x0000000795580000)
  object space 56832K, 27% used [0x0000000740000000,0x0000000740f04c98,0x0000000743780000)
 Metaspace       used 21079K, capacity 21275K, committed 21552K, reserved 1069056K
  class space    used 2036K, capacity 2112K, committed 2176K, reserved 1048576K
}
Event: 63.617 GC heap before
{Heap before GC invocations=11 (full 1):
 PSYoungGen      total 31232K, used 30880K [0x0000000795580000, 0x0000000798e80000, 0x00000007c0000000)
  eden space 30720K, 100% used [0x0000000795580000,0x0000000797380000,0x0000000797380000)
  from space 512K, 31% used [0x0000000797400000,0x0000000797428000,0x0000000797480000)
  to   space 13824K, 0% used [0x0000000798100000,0x0000000798100000,0x0000000798e80000)
 ParOldGen       total 56832K, used 15379K [0x0000000740000000, 0x0000000743780000, 0x0000000795580000)
  object space 56832K, 27% used [0x0000000740000000,0x0000000740f04c98,0x0000000743780000)
 Metaspace       used 21085K, capacity 21275K, committed 21552K, reserved 1069056K
  class space    used 2036K, capacity 2112K, committed 2176K, reserved 1048576K
Event: 63.619 GC heap after
Heap after GC invocations=11 (full 1):
 PSYoungGen      total 42496K, used 160K [0x0000000795580000, 0x0000000798d00000, 0x00000007c0000000)
  eden space 30208K, 0% used [0x0000000795580000,0x0000000795580000,0x0000000797300000)
  from space 12288K, 1% used [0x0000000798100000,0x0000000798128000,0x0000000798d00000)
  to   space 13312K, 0% used [0x0000000797300000,0x0000000797300000,0x0000000798000000)
 ParOldGen       total 56832K, used 15387K [0x0000000740000000, 0x0000000743780000, 0x0000000795580000)
  object space 56832K, 27% used [0x0000000740000000,0x0000000740f06c98,0x0000000743780000)
 Metaspace       used 21085K, capacity 21275K, committed 21552K, reserved 1069056K
  class space    used 2036K, capacity 2112K, committed 2176K, reserved 1048576K
}
Event: 71.566 GC heap before
{Heap before GC invocations=12 (full 1):
 PSYoungGen      total 42496K, used 30368K [0x0000000795580000, 0x0000000798d00000, 0x00000007c0000000)
  eden space 30208K, 100% used [0x0000000795580000,0x0000000797300000,0x0000000797300000)
  from space 12288K, 1% used [0x0000000798100000,0x0000000798128000,0x0000000798d00000)
  to   space 13312K, 0% used [0x0000000797300000,0x0000000797300000,0x0000000798000000)
 ParOldGen       total 56832K, used 15387K [0x0000000740000000, 0x0000000743780000, 0x0000000795580000)
  object space 56832K, 27% used [0x0000000740000000,0x0000000740f06c98,0x0000000743780000)
 Metaspace       used 21085K, capacity 21275K, committed 21552K, reserved 1069056K
  class space    used 2036K, capacity 2112K, committed 2176K, reserved 1048576K
Event: 71.567 GC heap after
Heap after GC invocations=12 (full 1):
 PSYoungGen      total 30208K, used 160K [0x0000000795580000, 0x0000000798b80000, 0x00000007c0000000)
  eden space 29696K, 0% used [0x0000000795580000,0x0000000795580000,0x0000000797280000)
  from space 512K, 31% used [0x0000000797300000,0x0000000797328000,0x0000000797380000)
  to   space 12800K, 0% used [0x0000000797f00000,0x0000000797f00000,0x0000000798b80000)
 ParOldGen       total 56832K, used 15387K [0x0000000740000000, 0x0000000743780000, 0x0000000795580000)
  object space 56832K, 27% used [0x0000000740000000,0x0000000740f06c98,0x0000000743780000)
 Metaspace       used 21085K, capacity 21275K, committed 21552K, reserved 1069056K
  class space    used 2036K, capacity 2112K, committed 2176K, reserved 1048576K
}

